<?xml version="1.0" encoding="utf-8"?><testsuites name="pytest tests"><testsuite name="pytest" errors="0" failures="0" skipped="0" tests="1184" time="507.672" timestamp="2026-08-16T22:17:08.533804+03:00" hostname="Richie"><testcase classname="tests.auth.test_auth.TestJWTHandler" name="test_create_and_decode_token" time="0.006" /><testcase classname="tests.auth.test_auth.TestJWTHandler" name="test_invalid_token_raises" time="0.003" /><testcase classname="tests.auth.test_auth.TestJWTHandler" name="test_wrong_secret_raises" time="0.004" /><testcase classname="tests.auth.test_auth.TestJWTHandler" name="test_token_contains_expiry" time="0.003" /><testcase classname="tests.config.test_settings_bootstrap" name="test_bootstrap_environment_loads_missing_values_without_overwriting_existing" time="0.050" /><testcase classname="tests.config.test_settings_bootstrap" name="test_bootstrap_environment_resolves_relative_backend_local_paths" time="0.038" /><testcase classname="tests.config.test_settings_bootstrap" name="test_bootstrap_environment_preserves_absolute_sqlite_overrides" time="0.034" /><testcase classname="tests.config.test_settings_bootstrap" name="test_bootstrap_environment_preserves_postgres_urls" time="0.036" /><testcase classname="tests.config.test_settings_bootstrap" name="test_engine_kwargs_use_db_echo_for_sqlite" time="0.003" /><testcase classname="tests.config.test_settings_bootstrap" name="test_engine_kwargs_add_postgres_pool_settings" time="0.003" /><testcase classname="tests.config.test_settings_bootstrap" name="test_settings_allow_local_defaults_in_development" time="0.009" /><testcase classname="tests.config.test_settings_bootstrap" name="test_settings_reject_placeholder_secret_in_development" time="0.008" /><testcase classname="tests.config.test_settings_bootstrap" name="test_settings_reject_placeholder_secret_in_production" time="0.009" /><testcase classname="tests.config.test_settings_bootstrap" name="test_settings_reject_local_origins_in_production" time="0.008" /><testcase classname="tests.config.test_settings_bootstrap" name="test_settings_reject_local_lesson_builder_url_in_production" time="0.006" /><testcase classname="tests.config.test_settings_bootstrap" name="test_settings_reject_local_pdf_render_base_url_in_production" time="0.009" /><testcase classname="tests.config.test_settings_bootstrap" name="test_settings_require_google_client_id_in_production" time="0.009" /><testcase classname="tests.config.test_settings_bootstrap" name="test_settings_accept_safe_production_configuration" time="0.008" /><testcase classname="tests.config.test_settings_bootstrap" name="test_settings_accept_json_logs_env_aliases" time="0.012" /><testcase classname="tests.config.test_settings_bootstrap" name="test_settings_normalize_log_level" time="0.008" /><testcase classname="tests.config.test_settings_bootstrap" name="test_settings_v3_max_tokens_safety_default_and_env_override" time="0.012" /><testcase classname="tests.config.test_settings_bootstrap" name="test_settings_expose_image_storage_envs" time="0.007" /><testcase classname="tests.config.test_settings_bootstrap" name="test_image_store_uses_app_env_and_typed_settings" time="0.009" /><testcase classname="tests.config.test_settings_bootstrap" name="test_image_store_uses_gcs_bucket_in_production" time="0.008" /><testcase classname="tests.config.test_settings_bootstrap" name="test_gcs_image_store_uses_service_account_json_and_base_url" time="0.003" /><testcase classname="tests.config.test_settings_bootstrap" name="test_media_gcs_image_store_delegates_uploads_to_core_store" time="0.008" /><testcase classname="tests.config.test_settings_bootstrap" name="test_docker_compose_maps_root_google_client_id_into_backend_and_frontend" time="0.051" /><testcase classname="tests.config.test_settings_bootstrap" name="test_env_examples_do_not_advertise_removed_stale_keys" time="0.078" /><testcase classname="tests.config.test_settings_bootstrap" name="test_pytest_config_deselects_postgres_by_default" time="0.005" /><testcase classname="tests.contracts.test_lectio_page_contracts" name="test_catalogue_version_and_objects" time="0.002" /><testcase classname="tests.contracts.test_lectio_page_contracts" name="test_synced_hashes_match_generated_manifest" time="0.103" /><testcase classname="tests.contracts.test_lectio_page_contracts" name="test_synced_files_match_package_sources" time="0.085" /><testcase classname="tests.contracts.test_lectio_page_contracts" name="test_valid_fixture_validates" time="0.014" /><testcase classname="tests.contracts.test_lectio_page_contracts" name="test_invalid_fixture_rejected" time="0.027" /><testcase classname="tests.contracts.test_lectio_page_contracts" name="test_document_schema_loads" time="0.002" /><testcase classname="tests.core.database.test_concepts" name="test_concept_slug_is_canonical_and_unique" time="1.792" /><testcase classname="tests.core.database.test_concepts" name="test_card_and_provenance_concept_references_are_nullable_for_legacy_rows" time="1.689" /><testcase classname="tests.core.health.test_health_routes" name="test_exception_detail_falls_back_to_repr_for_empty_exception" time="0.003" /><testcase classname="tests.core.health.test_health_routes.TestHealthRoutes" name="test_liveness_always_200" time="0.443" /><testcase classname="tests.core.health.test_health_routes.TestHealthRoutes" name="test_health_endpoints_require_no_auth" time="25.707" /><testcase classname="tests.core.health.test_health_routes.TestHealthRoutes" name="test_liveness_keeps_security_headers" time="0.270" /><testcase classname="tests.core.health.test_health_routes.TestHealthRoutes" name="test_deep_and_ready_share_health_shape_when_healthy" time="0.275" /><testcase classname="tests.core.health.test_health_routes.TestHealthRoutes" name="test_readiness_returns_503_when_database_unreachable" time="0.265" /><testcase classname="tests.core.health.test_health_routes.TestHealthRoutes" name="test_readiness_returns_200_when_event_bus_is_degraded" time="0.294" /><testcase classname="tests.core.health.test_health_routes.TestHealthRoutes" name="test_readiness_returns_degraded_when_image_dependencies_are_not_ready" time="0.269" /><testcase classname="tests.core.health.test_health_routes.TestHealthRoutes" name="test_readiness_includes_generation_summary" time="0.264" /><testcase classname="tests.core.health.test_health_routes.TestHealthRoutes" name="test_image_probe_returns_200_when_probe_succeeds" time="0.250" /><testcase classname="tests.core.health.test_health_routes.TestHealthRoutes" name="test_image_probe_returns_503_when_probe_fails" time="0.276" /><testcase classname="tests.core.health.test_health_routes.TestHealthRoutes" name="test_generation_summary_counts_rows_from_database" time="2.036" /><testcase classname="tests.core.prompts.test_loader" name="test_manifest_has_expected_editable_and_locked_entries" time="0.012" /><testcase classname="tests.core.prompts.test_loader" name="test_overlay_round_trip_save_resolve_delete_default" time="2.218" /><testcase classname="tests.core.prompts.test_loader" name="test_locked_prompt_rejects_override" time="2.269" /><testcase classname="tests.core.prompts.test_loader" name="test_locked_prompt_ignores_stale_overlay_row" time="2.331" /><testcase classname="tests.core.prompts.test_loader" name="test_hash_changes_when_overlay_changes" time="2.140" /><testcase classname="tests.core.prompts.test_loader" name="test_unknown_prompt_id_raises_not_found" time="0.013" /><testcase classname="tests.core.test_app" name="test_cors_wildcard_raises_in_production" time="0.003" /><testcase classname="tests.core.test_app" name="test_cors_wildcard_allowed_in_development" time="0.004" /><testcase classname="tests.core.test_app" name="test_cors_multiple_origins_parsed" time="0.003" /><testcase classname="tests.core.test_app" name="test_cors_localhost_origin_expands_to_local_variants" time="0.003" /><testcase classname="tests.core.test_app" name="test_images_static_route_is_mounted" time="0.004" /><testcase classname="tests.core.test_capabilities" name="test_capability_supports_global_and_principal_scoped_rollout" time="0.004" /><testcase classname="tests.core.test_capabilities" name="test_rollback_hides_v2_without_disabling_legacy" time="0.525" /><testcase classname="tests.core.test_events" name="test_event_bus_publishes_to_trace_and_global_subscribers_without_blocking" time="0.003" /><testcase classname="tests.core.test_events" name="test_llm_events_mirror_trace_id_and_generation_id" time="0.004" /><testcase classname="tests.core.test_events" name="test_llm_events_allow_trace_only_for_non_generation_flows" time="0.003" /><testcase classname="tests.core.test_llm_calls_model" name="test_llm_calls_model_includes_user_and_endpoint_host_shape" time="0.004" /><testcase classname="tests.core.test_llm_cost" name="test_extract_thinking_tokens_reads_deepseek_reasoning_tokens" time="0.005" /><testcase classname="tests.core.test_llm_cost" name="test_extract_usage_reads_cache_hit_and_miss_tokens" time="0.003" /><testcase classname="tests.core.test_llm_cost" name="test_extract_usage_handles_missing_usage" time="0.002" /><testcase classname="tests.core.test_llm_runner" name="test_run_llm_publishes_cache_usage_fields_on_success" time="0.009" /><testcase classname="tests.core.test_llm_runner" name="test_run_llm_preserves_missing_generation_id_for_pre_generation_calls" time="0.010" /><testcase classname="tests.core.test_llm_runner" name="test_run_llm_raises_typed_error_for_length_truncation" time="0.013" /><testcase classname="tests.core.test_llm_runner" name="test_validation_error_uses_repair_prompt_when_enabled" time="0.013" /><testcase classname="tests.core.test_llm_runner" name="test_model_api_error_is_inherently_retryable_when_local_budget_is_one" time="0.011" /><testcase classname="tests.core.test_llm_runner" name="test_model_http_error_uses_status_sensitive_retryability[400-False]" time="0.009" /><testcase classname="tests.core.test_llm_runner" name="test_model_http_error_uses_status_sensitive_retryability[429-True]" time="0.009" /><testcase classname="tests.core.test_llm_runner" name="test_model_http_error_uses_status_sensitive_retryability[503-True]" time="0.011" /><testcase classname="tests.core.test_llm_runner" name="test_attempt_start_offsets_events_without_changing_local_retry_budget" time="0.016" /><testcase classname="tests.core.test_logging" name="test_configure_logging_uses_json_formatter" time="0.004" /><testcase classname="tests.core.test_logging" name="test_configure_logging_keeps_readable_local_logging" time="0.004" /><testcase classname="tests.core.test_logging" name="test_json_formatter_includes_exception_and_context_fields" time="0.035" /><testcase classname="tests.core.test_logging" name="test_request_id_middleware_sets_request_id_and_logs" time="0.024" /><testcase classname="tests.core.test_logging" name="test_generation_logger_attaches_context_fields" time="0.007" /><testcase classname="tests.core.test_logging" name="test_node_logger_attaches_context_fields" time="0.004" /><testcase classname="tests.core.test_v2_audit" name="test_v2_mutations_emit_persistent_audit_rows" time="0.050" /><testcase classname="tests.entities.test_student_profile.TestTeacherProfile" name="test_valid_profile" time="0.004" /><testcase classname="tests.entities.test_student_profile.TestTeacherProfile" name="test_defaults" time="0.003" /><testcase classname="tests.entities.test_student_profile.TestTeacherProfile" name="test_rejects_invalid_delivery_preferences" time="0.004" /><testcase classname="tests.entities.test_student_profile.TestUser" name="test_valid_user" time="0.003" /><testcase classname="tests.entities.test_student_profile.TestUser" name="test_user_with_profile" time="0.003" /><testcase classname="tests.entities.test_student_profile.TestTeacherRole" name="test_all_values" time="0.002" /><testcase classname="tests.entities.test_student_profile.TestGradeBand" name="test_all_values" time="0.003" /><testcase classname="tests.fixtures.test_v3_addendum_fixtures" name="test_generation_5aed3804_fixtures_load" time="0.061" /><testcase classname="tests.generation.test_answer_key_integrity" name="test_valid_integrity_passes" time="0.002" /><testcase classname="tests.generation.test_answer_key_integrity" name="test_orphan_answer_rejected" time="0.002" /><testcase classname="tests.generation.test_answer_key_integrity" name="test_missing_answer_rejected" time="0.003" /><testcase classname="tests.generation.test_answer_key_integrity" name="test_duplicate_answer_rejected" time="0.002" /><testcase classname="tests.generation.test_answer_key_integrity" name="test_invalid_mcq_letter_rejected" time="0.002" /><testcase classname="tests.generation.test_answer_key_integrity" name="test_assemble_document_attaches_answer_key" time="0.012" /><testcase classname="tests.generation.test_answer_key_integrity" name="test_assemble_document_rejects_bad_answers" time="0.003" /><testcase classname="tests.generation.test_answers_v3" name="test_generate_v3_answer_key_pdf_none_when_missing" time="0.010" /><testcase classname="tests.generation.test_answers_v3" name="test_generate_v3_answer_key_pdf_writes_entries" time="0.020" /><testcase classname="tests.generation.test_assessment_bundle" name="test_open_response_bundle_separates_answers" time="0.003" /><testcase classname="tests.generation.test_assessment_bundle" name="test_mcq_bundle_uses_block_id_for_answer" time="0.003" /><testcase classname="tests.generation.test_assessment_bundle" name="test_assemble_questions_rejects_multiple_choice_source" time="0.003" /><testcase classname="tests.generation.test_assessment_bundle" name="test_assemble_choices_normalizes_key_to_letter" time="0.003" /><testcase classname="tests.generation.test_assessment_bundle" name="test_assemble_choices_uses_exact_source_question_among_many_records" time="0.002" /><testcase classname="tests.generation.test_document_assembly_v2" name="test_manual_lesson_persists_and_reloads_equal" time="0.018" /><testcase classname="tests.generation.test_document_assembly_v2" name="test_v2_path_does_not_import_section_content" time="0.004" /><testcase classname="tests.generation.test_form_content_models" name="test_generated_form_ids_cover_eight_forms" time="0.002" /><testcase classname="tests.generation.test_form_content_models" name="test_valid_content_for_each_form[prose]" time="0.003" /><testcase classname="tests.generation.test_form_content_models" name="test_valid_content_for_each_form[list]" time="0.002" /><testcase classname="tests.generation.test_form_content_models" name="test_valid_content_for_each_form[table]" time="0.002" /><testcase classname="tests.generation.test_form_content_models" name="test_valid_content_for_each_form[figure]" time="0.005" /><testcase classname="tests.generation.test_form_content_models" name="test_valid_content_for_each_form[aside]" time="0.003" /><testcase classname="tests.generation.test_form_content_models" name="test_valid_content_for_each_form[worked-example]" time="0.003" /><testcase classname="tests.generation.test_form_content_models" name="test_valid_content_for_each_form[questions]" time="0.004" /><testcase classname="tests.generation.test_form_content_models" name="test_valid_content_for_each_form[choices]" time="0.003" /><testcase classname="tests.generation.test_form_content_models" name="test_invalid_content_rejected[prose]" time="0.005" /><testcase classname="tests.generation.test_form_content_models" name="test_invalid_content_rejected[list]" time="0.004" /><testcase classname="tests.generation.test_form_content_models" name="test_invalid_content_rejected[table]" time="0.003" /><testcase classname="tests.generation.test_form_content_models" name="test_invalid_content_rejected[figure]" time="0.004" /><testcase classname="tests.generation.test_form_content_models" name="test_invalid_content_rejected[aside]" time="0.003" /><testcase classname="tests.generation.test_form_content_models" name="test_invalid_content_rejected[worked-example]" time="0.003" /><testcase classname="tests.generation.test_form_content_models" name="test_invalid_content_rejected[questions]" time="0.004" /><testcase classname="tests.generation.test_form_content_models" name="test_invalid_content_rejected[choices]" time="0.005" /><testcase classname="tests.generation.test_form_content_models" name="test_unknown_form_raises_unsupported" time="0.003" /><testcase classname="tests.generation.test_form_content_models" name="test_extra_fields_forbidden_on_questions" time="0.003" /><testcase classname="tests.generation.test_generation_steps" name="test_fold_builds_section_briefs_from_rows" time="0.008" /><testcase classname="tests.generation.test_generation_steps" name="test_simultaneous_inserts_both_survive" time="2.182" /><testcase classname="tests.generation.test_generation_steps" name="test_persist_section_brief_inserts_step_and_fold_loads" time="2.220" /><testcase classname="tests.generation.test_generation_steps" name="test_resume_rebuilds_only_missing_brief_steps" time="3.078" /><testcase classname="tests.generation.test_native_all_forms_e2e" name="test_all_valid_out_of_order_e2e_flow" time="0.629" /><testcase classname="tests.generation.test_native_all_forms_e2e" name="test_invalid_json_then_valid_repair" time="0.014" /><testcase classname="tests.generation.test_native_all_forms_e2e" name="test_permanently_invalid_raises" time="0.010" /><testcase classname="tests.generation.test_native_all_forms_e2e" name="test_figure_missing_alt_then_valid" time="0.011" /><testcase classname="tests.generation.test_native_all_forms_e2e" name="test_e2e_helper_path_does_not_import_legacy_resume" time="0.081" /><testcase classname="tests.generation.test_native_all_forms_e2e" name="test_expected_fixture_still_validates" time="0.036" /><testcase classname="tests.generation.test_native_pdf_exports" name="test_student_and_teacher_pdf_exports" time="0.158" /><testcase classname="tests.generation.test_page_object_writers" name="test_prose_writer_fills_fixed_plan" time="0.003" /><testcase classname="tests.generation.test_page_object_writers" name="test_writer_cannot_change_object" time="0.003" /><testcase classname="tests.generation.test_page_object_writers" name="test_questions_assembler_uses_item_ids_only" time="0.002" /><testcase classname="tests.generation.test_page_object_writers" name="test_figure_pending_has_stable_request_id" time="0.003" /><testcase classname="tests.generation.test_page_object_writers" name="test_dispatch_all_first_slice_objects" time="0.003" /><testcase classname="tests.generation.test_pdf_export_components" name="test_extract_answer_entries_uses_saved_section_content" time="0.003" /><testcase classname="tests.generation.test_pdf_export_components" name="test_generate_cover_pdf_creates_valid_pdf" time="0.046" /><testcase classname="tests.generation.test_pdf_export_components" name="test_generate_cover_pdf_uses_structured_fields_only" time="0.056" /><testcase classname="tests.generation.test_pdf_export_components" name="test_clean_cover_title_extracts_short_topic_from_teacher_prompt" time="0.003" /><testcase classname="tests.generation.test_pdf_export_components" name="test_format_cover_date_localizes_iso_date" time="0.002" /><testcase classname="tests.generation.test_pdf_export_components" name="test_generate_toc_pdf_builds_from_section_manifest" time="0.049" /><testcase classname="tests.generation.test_pdf_export_components" name="test_generate_answer_key_pdf_creates_pdf_when_answers_exist" time="0.055" /><testcase classname="tests.generation.test_pdf_export_components" name="test_cleanup_files_removes_export_artifacts" time="0.019" /><testcase classname="tests.generation.test_pdf_export_service" name="test_export_v3_studio_pdf_uses_lectio_only_print_route" time="0.020" /><testcase classname="tests.generation.test_pdf_export_service" name="test_native_v2_bypasses_legacy_adapter_and_duplicate_answer_pdf" time="0.025" /><testcase classname="tests.generation.test_pdf_export_service" name="test_native_v2_malformed_document_fails_closed_without_legacy_fallback" time="0.010" /><testcase classname="tests.generation.test_pdf_export_telemetry" name="test_pdf_export_telemetry_tracks_stage_and_export_stats" time="0.003" /><testcase classname="tests.generation.test_planning_artifact" name="test_build_planning_artifact_contains_full_blueprint" time="0.028" /><testcase classname="tests.generation.test_planning_artifact" name="test_build_planning_artifact_preserves_display_title" time="0.005" /><testcase classname="tests.generation.test_planning_artifact" name="test_planning_summary_from_artifact_is_lightweight" time="0.005" /><testcase classname="tests.generation.test_planning_artifact" name="test_parse_planning_artifact_handles_null_and_bad_json" time="0.003" /><testcase classname="tests.generation.test_playwright_rendering" name="test_log_print_snapshot_emits_diagnostics_and_failures" time="0.005" /><testcase classname="tests.generation.test_playwright_rendering" name="test_log_print_snapshot_skips_missing_root" time="0.003" /><testcase classname="tests.generation.test_question_wall_and_visuals" name="test_item_generation_inputs_exclude_lesson_prose" time="0.003" /><testcase classname="tests.generation.test_question_wall_and_visuals" name="test_figure_pending_to_ready_preserves_identity_and_order" time="0.003" /><testcase classname="tests.generation.test_stage2_parallel" name="test_parallel_stage2_returns_briefs_in_plan_order_when_tasks_finish_out_of_order" time="0.049" /><testcase classname="tests.generation.test_stage2_parallel" name="test_parallel_stage2_dispatches_all_sections_in_one_wave_without_prior_briefs" time="0.021" /><testcase classname="tests.generation.test_stage2_parallel" name="test_parallel_stage2_user_message_uses_plan_derived_continuity" time="0.008" /><testcase classname="tests.generation.test_stage2_parallel" name="test_parallel_stage2_isolates_section_exception_including_first" time="0.018" /><testcase classname="tests.generation.test_stage2_parallel" name="test_stage2_uses_serial_invocation_order_when_parallel_flag_is_false" time="0.019" /><testcase classname="tests.generation.test_stage2_parallel" name="test_parallel_stage2_persists_each_brief_once" time="0.054" /><testcase classname="tests.generation.test_stage2_parallel" name="test_resume_stage2_isolates_fan_out_exception" time="0.025" /><testcase classname="tests.generation.test_stage2_parallel" name="test_stage2_always_calls_expander" time="0.020" /><testcase classname="tests.generation.test_v3_chunked_lifecycle" name="test_chunked_plan_start_is_quarantined_without_creating_rows" time="0.119" /><testcase classname="tests.generation.test_v3_chunked_lifecycle" name="test_chunked_events_route_streams_planning_events_and_keeps_generation_queue" time="0.066" /><testcase classname="tests.generation.test_v3_chunked_lifecycle" name="test_generation_events_404_before_execution_queue_registration_for_chunked_flow" time="0.061" /><testcase classname="tests.generation.test_v3_chunked_lifecycle" name="test_quarantined_chunked_plan_start_does_not_run_stage1" time="0.026" /><testcase classname="tests.generation.test_v3_chunked_lifecycle" name="test_quarantined_chunked_plan_start_does_not_capture_stage1_errors" time="0.031" /><testcase classname="tests.generation.test_v3_chunked_lifecycle" name="test_chunked_approve_rejects_historical_v1_before_scheduling" time="0.179" /><testcase classname="tests.generation.test_v3_chunked_lifecycle" name="test_chunked_approve_accepts_native_path_generation" time="0.213" /><testcase classname="tests.generation.test_v3_chunked_lifecycle" name="test_variant_children_inherit_native_identity_before_scheduling" time="0.009" /><testcase classname="tests.generation.test_v3_chunked_lifecycle" name="test_historical_v1_regenerate_is_read_only_before_mutation" time="0.110" /><testcase classname="tests.generation.test_v3_chunked_lifecycle" name="test_historical_v1_retry_section_is_read_only_before_mutation" time="0.167" /><testcase classname="tests.generation.test_v3_chunked_lifecycle" name="test_chunked_approve_is_user_scoped" time="0.132" /><testcase classname="tests.generation.test_v3_chunked_lifecycle" name="test_chunked_retry_section_rejects_non_failed_section" time="0.138" /><testcase classname="tests.generation.test_v3_chunked_lifecycle" name="test_chunked_regenerate_is_read_only_for_historical_v1" time="0.093" /><testcase classname="tests.generation.test_v3_chunked_lifecycle" name="test_chunked_status_reports_next_action_by_stage" time="0.266" /><testcase classname="tests.generation.test_v3_chunked_lifecycle" name="test_chunked_status_derives_version_for_legacy_document_without_progress" time="0.155" /><testcase classname="tests.generation.test_v3_chunked_lifecycle" name="test_chunked_plan_endpoint_returns_immutable_plan_metadata" time="0.131" /><testcase classname="tests.generation.test_v3_chunked_lifecycle" name="test_native_pipeline_timeout_persists_recoverable_error_state" time="0.668" /><testcase classname="tests.generation.test_v3_chunked_lifecycle" name="test_chunked_approve_resumes_stage2_error" time="0.147" /><testcase classname="tests.generation.test_v3_chunked_lifecycle" name="test_chunked_retry_section_is_read_only_for_historical_v1" time="0.242" /><testcase classname="tests.generation.test_v3_chunked_lifecycle" name="test_generation_8eca999f_starts_with_null_document" time="0.047" /><testcase classname="tests.generation.test_v3_chunked_lifecycle" name="test_attempt_chunked_assembly_logs_execution_handoff_success" time="0.025" /><testcase classname="tests.generation.test_v3_chunked_lifecycle" name="test_attempt_chunked_assembly_proceeds_with_partial_failed_sections" time="0.160" /><testcase classname="tests.generation.test_v3_chunked_lifecycle" name="test_attempt_chunked_assembly_blocks_only_when_no_sections_renderable" time="0.118" /><testcase classname="tests.generation.test_v3_chunked_lifecycle" name="test_attempt_chunked_assembly_logs_execution_start_failure_and_reraises" time="0.092" /><testcase classname="tests.generation.test_v3_chunked_lifecycle" name="test_chunked_approve_emits_stage2_progress_events" time="0.247" /><testcase classname="tests.generation.test_v3_generation_writer" name="test_v3_generation_writer_persists_flat_document_json_and_report_snapshot" time="0.129" /><testcase classname="tests.generation.test_v3_generation_writer" name="test_manual_document_write_bumps_progress_version" time="0.111" /><testcase classname="tests.generation.test_v3_generation_writer" name="test_consecutive_snapshot_writes_produce_distinct_versions" time="0.200" /><testcase classname="tests.generation.test_v3_generation_writer" name="test_v3_generation_writer_handles_resource_finalised_and_pdf_status" time="0.201" /><testcase classname="tests.generation.test_v3_generation_writer" name="test_persisted_status_keeps_incomplete_sections_unusable" time="0.002" /><testcase classname="tests.generation.test_v3_generation_writer" name="test_v3_generation_writer_write_planning_artifact_persists_json_and_report_summary" time="0.117" /><testcase classname="tests.generation.test_v3_generation_writer" name="test_v3_generation_writer_persists_full_coherence_report" time="0.116" /><testcase classname="tests.generation.test_v3_generation_writer" name="test_merge_stream_event_component_ready_populates_section_body" time="0.123" /><testcase classname="tests.generation.test_v3_generation_writer" name="test_merge_stream_event_question_and_visual_ready" time="0.146" /><testcase classname="tests.generation.test_v3_generation_writer" name="test_merge_stream_event_ignores_unknown_section_and_failed_visual" time="0.115" /><testcase classname="tests.generation.test_v3_generation_writer" name="test_fail_stale_running_marks_terminal_failure" time="0.166" /><testcase classname="tests.generation.test_v3_generation_writer" name="test_fail_stale_running_reconciles_fully_written_generation" time="0.191" /><testcase classname="tests.generation.test_v3_generation_writer" name="test_fail_stale_running_marks_partial_generation_resumable" time="0.204" /><testcase classname="tests.generation.test_v3_generation_writer" name="test_claim_resume_attempt_terminalizes_after_cap" time="0.209" /><testcase classname="tests.generation.test_v3_generation_writer" name="test_claim_resume_attempt_increments_counter" time="0.126" /><testcase classname="tests.generation.test_v3_generation_writer" name="test_default_report_includes_empty_prompt_hashes" time="0.111" /><testcase classname="tests.generation.test_v3_generation_writer" name="test_record_prompt_hashes_merges_into_report_json" time="0.171" /><testcase classname="tests.generation.test_v3_item_review" name="test_get_pack_items_surfaces_coverage_and_unmapped_options" time="0.172" /><testcase classname="tests.generation.test_v3_item_review" name="test_patch_pack_item_marks_teacher_edit_and_validates_diagnosis" time="0.179" /><testcase classname="tests.generation.test_v3_item_review" name="test_regenerate_preserves_teacher_item_and_marks_it_stale" time="0.241" /><testcase classname="tests.generation.test_v3_narrow" name="test_narrow_returns_candidates" time="0.343" /><testcase classname="tests.generation.test_v3_narrow" name="test_narrow_requires_auth" time="0.019" /><testcase classname="tests.generation.test_v3_narrow" name="test_narrow_returns_empty_on_llm_failure" time="0.079" /><testcase classname="tests.generation.test_v3_narrow" name="test_narrow_registers_and_closes_trace_for_telemetry" time="0.079" /><testcase classname="tests.generation.test_v3_narrow" name="test_narrow_rejects_missing_topic" time="0.034" /><testcase classname="tests.generation.test_v3_narrow" name="test_narrow_uses_prompted_output_for_deepseek_models" time="0.032" /><testcase classname="tests.generation.test_v3_narrow" name="test_narrow_prompt_requires_self_contained_candidates" time="0.072" /><testcase classname="tests.generation.test_v3_pack_pipeline_document" name="test_build_pipeline_manifest_from_v3_sections" time="0.003" /><testcase classname="tests.generation.test_v3_pack_pipeline_document" name="test_build_pipeline_skips_invalid_section_but_keeps_manifest" time="0.004" /><testcase classname="tests.generation.test_v3_propose_intent" name="test_propose_intent_returns_three_teacher_editable_drafts" time="0.075" /><testcase classname="tests.generation.test_v3_propose_intent" name="test_propose_intent_scopes_empty_subtopics_to_topic" time="0.077" /><testcase classname="tests.generation.test_v3_propose_intent" name="test_propose_intent_registers_and_closes_trace" time="0.069" /><testcase classname="tests.generation.test_v3_propose_intent" name="test_propose_intent_requires_auth" time="0.019" /><testcase classname="tests.generation.test_v3_propose_intent" name="test_propose_intent_uses_prompted_output_for_deepseek" time="0.026" /><testcase classname="tests.generation.test_v3_propose_intent" name="test_propose_intent_prompt_conditions_on_class_shape" time="0.062" /><testcase classname="tests.generation.test_v3_pump_durability" name="test_pump_crash_mid_stream_leaves_failed_terminal_snapshot" time="0.186" /><testcase classname="tests.generation.test_v3_pump_durability" name="test_pump_stream_ending_without_terminal_event_marks_failed" time="0.131" /><testcase classname="tests.generation.test_v3_pump_durability" name="test_pump_normal_terminal_event_is_not_marked_failed" time="0.108" /><testcase classname="tests.generation.test_v3_pump_durability" name="test_pump_cancellation_marks_failed_terminal_snapshot" time="0.133" /><testcase classname="tests.generation.test_v3_pump_durability" name="test_pump_component_ready_persists_body_before_draft_pack" time="0.556" /><testcase classname="tests.generation.test_v3_signals" name="test_signals_registers_and_closes_trace_for_telemetry" time="0.029" /><testcase classname="tests.generation.test_v3_signals" name="test_extract_signals_uses_prompted_output_for_deepseek_models" time="0.018" /><testcase classname="tests.generation.test_v3_studio_agents" name="test_extract_signals_includes_structured_form_in_user_prompt" time="0.051" /><testcase classname="tests.generation.test_v3_studio_generation_stream" name="test_v3_generate_start_returns_json_and_sse_stream_closes" time="0.212" /><testcase classname="tests.generation.test_v3_studio_generation_stream" name="test_v3_generation_events_emit_heartbeat_before_late_chunk" time="0.292" /><testcase classname="tests.generation.test_v3_studio_generation_stream" name="test_v3_generate_start_conflict_when_generation_id_reused" time="0.188" /><testcase classname="tests.generation.test_v3_studio_generation_stream" name="test_v3_generation_events_forbidden_for_other_user" time="0.208" /><testcase classname="tests.generation.test_v3_studio_generation_stream" name="test_v3_generate_start_creates_trace_before_stream_open" time="0.205" /><testcase classname="tests.generation.test_v3_studio_generation_stream" name="test_v3_generate_start_fails_when_trace_initialization_fails" time="0.043" /><testcase classname="tests.generation.test_v3_studio_generation_stream" name="test_v3_trace_endpoints_are_user_scoped" time="0.260" /><testcase classname="tests.generation.test_v3_studio_generation_stream" name="test_v3_document_endpoint_returns_persisted_document_for_owner" time="0.071" /><testcase classname="tests.generation.test_v3_studio_generation_stream" name="test_v3_document_endpoint_returns_persisted_skeleton_document" time="0.075" /><testcase classname="tests.generation.test_v3_studio_generation_stream" name="test_v3_document_endpoint_forbidden_for_other_user" time="0.076" /><testcase classname="tests.generation.test_v3_studio_generation_stream" name="test_v3_document_endpoint_returns_pending_snapshot_when_document_has_no_sections" time="0.075" /><testcase classname="tests.generation.test_v3_studio_generation_stream" name="test_v3_document_endpoint_returns_pending_snapshot_when_document_is_not_written_yet" time="0.086" /><testcase classname="tests.generation.test_v3_studio_generation_stream" name="test_v3_document_endpoint_exposes_terminal_progress_without_a_snapshot" time="0.080" /><testcase classname="tests.generation.test_v3_studio_generation_stream" name="test_v3_visual_regenerate_replaces_visual_block_and_section_diagram" time="0.182" /><testcase classname="tests.generation.test_v3_studio_generation_stream" name="test_v3_component_patch_replaces_document_component_without_retry" time="0.182" /><testcase classname="tests.generation.test_v3_studio_generation_stream" name="test_v3_component_patch_rejects_unknown_component_and_non_owner" time="0.116" /><testcase classname="tests.generation.test_v3_studio_generation_stream" name="test_v3_visual_regenerate_returns_404_for_unknown_visual" time="0.083" /><testcase classname="tests.generation.test_v3_studio_generation_stream" name="test_v3_visual_regenerate_returns_409_when_generation_lock_busy" time="0.017" /><testcase classname="tests.generation.test_v3_studio_generation_stream" name="test_v3_generation_list_and_detail_are_user_scoped_and_v3_filtered" time="0.209" /><testcase classname="tests.generation.test_v3_studio_generation_stream" name="test_v3_generation_detail_returns_404_for_non_v3_row" time="0.082" /><testcase classname="tests.generation.test_v3_studio_generation_stream" name="test_v3_pdf_export_surfaces_actionable_error_detail" time="0.337" /><testcase classname="tests.generation.test_v3_studio_generation_stream" name="test_pump_sse_parses_events_and_dispatches_generation_writer" time="0.051" /><testcase classname="tests.generation.test_v3_studio_generation_stream" name="test_v3_generate_start_persists_planning_artifact_before_stream" time="0.191" /><testcase classname="tests.generation.test_v3_studio_generation_stream" name="test_v3_generation_detail_exposes_planning_artifact" time="0.108" /><testcase classname="tests.generation.test_v3_studio_generation_stream" name="test_v3_generation_detail_without_planning_artifact_is_compatible" time="0.078" /><testcase classname="tests.generation.test_v3_studio_generation_stream" name="test_v3_generation_blueprint_endpoint_uses_db_after_session_store_missing" time="0.112" /><testcase classname="tests.generation.test_v3_studio_generation_stream" name="test_v3_generation_blueprint_endpoint_forbidden_for_other_user" time="0.122" /><testcase classname="tests.generation.test_v3_studio_generation_stream" name="test_blueprint_adjust_preserves_planning_source" time="0.042" /><testcase classname="tests.generation.test_v3_studio_generation_stream" name="test_blueprint_adjust_registers_and_closes_trace_for_telemetry" time="0.038" /><testcase classname="tests.generation.test_v3_studio_generation_stream" name="test_v3_generate_start_persists_supplement_planning_source" time="0.189" /><testcase classname="tests.generation.test_v3_studio_generation_stream" name="test_supplement_adjust_then_start_persists_lineage_in_db" time="0.237" /><testcase classname="tests.generation.test_v3_studio_generation_stream" name="test_supplement_options_are_parked" time="0.106" /><testcase classname="tests.generation.test_v3_studio_generation_stream" name="test_create_supplement_blueprint_is_parked" time="0.132" /><testcase classname="tests.generation.test_v3_studio_preview_mapper" name="test_blueprint_to_preview_dto_shape" time="0.007" /><testcase classname="tests.generation.test_v3_studio_preview_mapper" name="test_blueprint_to_preview_dto_default_template_id" time="0.016" /><testcase classname="tests.generation.test_v3_studio_preview_mapper" name="test_blueprint_to_preview_dto_includes_learner_context_when_form_provided" time="0.006" /><testcase classname="tests.generation.test_v3_studio_preview_mapper" name="test_v3_studio_router_import" time="0.014" /><testcase classname="tests.generation.test_variant_shape_fanout" name="test_fanout_uses_variant_sections_and_latest_approved_shared_cards" time="0.002" /><testcase classname="tests.generation.test_variant_shape_fanout" name="test_fanout_falls_back_to_canonical_plan_for_legacy_state" time="0.004" /><testcase classname="tests.generation.test_writer_registry_all_forms" name="test_dispatch_all_eight_forms" time="0.005" /><testcase classname="tests.generation.test_writer_registry_all_forms" name="test_write_aside_uses_brief" time="0.003" /><testcase classname="tests.generation.test_writer_registry_all_forms" name="test_writer_cannot_run_on_wrong_object" time="0.002" /><testcase classname="tests.generation.test_writer_registry_all_forms" name="test_questions_and_choices_have_no_writer_tier" time="0.004" /><testcase classname="tests.generation.test_writer_registry_all_forms" name="test_unknown_object_has_no_stub_writer" time="0.005" /><testcase classname="tests.generation.test_writer_repair" name="test_repair_includes_prior_output_and_errors" time="0.008" /><testcase classname="tests.generation.test_writer_repair" name="test_invalid_json_then_valid_repairs" time="0.011" /><testcase classname="tests.generation.test_writer_repair" name="test_rich_text_document_is_unwrapped_for_plain_aside_body" time="0.010" /><testcase classname="tests.generation.test_writer_repair" name="test_persisted_document_normalizes_rich_text_aside" time="0.003" /><testcase classname="tests.generation.test_writer_repair" name="test_permanently_invalid_raises_validation" time="0.010" /><testcase classname="tests.generation.test_xplore_contracts" name="test_variant_failure_is_isolated_from_siblings" time="0.028" /><testcase classname="tests.generation.test_xplore_contracts" name="test_all_variants_derive_one_shared_pack_item_set" time="0.195" /><testcase classname="tests.generation.test_xplore_contracts" name="test_teacher_edited_misconceptions_survive_plan_regeneration" time="0.188" /><testcase classname="tests.generation.test_xplore_contracts" name="test_awaiting_review_halt_survives_process_restart" time="0.137" /><testcase classname="tests.generation.test_xplore_fixture" name="test_photosynthesis_fixture_has_valid_cross_pack_contracts" time="0.033" /><testcase classname="tests.generation.test_xplore_fixture" name="test_phase0_generation_snapshot_is_byte_for_byte_unchanged" time="0.008" /><testcase classname="tests.media.test_diagram_compositor" name="test_labels_trim_and_casefold_dedupe_preserves_first_spelling" time="0.003" /><testcase classname="tests.media.test_diagram_compositor" name="test_composition_is_repeatable_and_exposes_hash_metadata" time="0.222" /><testcase classname="tests.media.test_diagram_compositor" name="test_bundled_font_is_versioned_licensed_and_hashed" time="0.006" /><testcase classname="tests.media.test_diagram_compositor" name="test_m7_water_cycle_labels_keep_readable_font_and_fit" time="0.126" /><testcase classname="tests.media.test_diagram_compositor" name="test_label_key_uses_neutral_spacing_without_directional_connectors" time="0.045" /><testcase classname="tests.media.test_diagram_compositor" name="test_rgb_and_rgba_inputs_receive_opaque_band_without_clipping" time="0.033" /><testcase classname="tests.media.test_diagram_compositor" name="test_empty_labels_still_adds_reserved_opaque_band" time="0.009" /><testcase classname="tests.media.test_diagram_compositor" name="test_preflight_has_typed_failure_for_label_too_long_at_minimum_font" time="0.009" /><testcase classname="tests.media.test_diagram_compositor" name="test_preflight_rejects_excessive_label_count_before_provider" time="0.063" /><testcase classname="tests.media.test_providers_registry" name="test_image_provider_uses_image_env_names_first" time="0.003" /><testcase classname="tests.media.test_providers_registry" name="test_image_provider_falls_back_to_pipeline_image_env_names" time="0.005" /><testcase classname="tests.media.test_providers_registry" name="test_pipeline_provider_does_not_mix_in_image_base_url_override" time="0.004" /><testcase classname="tests.media.test_providers_registry" name="test_image_provider_selects_openai_with_image_env_names" time="0.004" /><testcase classname="tests.media.test_providers_registry" name="test_xai_requires_explicit_base_url" time="0.004" /><testcase classname="tests.media.test_providers_registry" name="test_xai_payload_omits_unsupported_params" time="0.003" /><testcase classname="tests.media.test_providers_registry" name="test_xai_payload_maps_size_to_aspect_ratio" time="0.002" /><testcase classname="tests.media.test_providers_registry" name="test_xai_call_api_decodes_b64_json_as_jpeg" time="0.010" /><testcase classname="tests.media.test_providers_registry" name="test_xai_call_api_downloads_url_response_as_jpeg" time="0.010" /><testcase classname="tests.media.test_providers_registry" name="test_openai_compatible_http_error_includes_response_body" time="0.009" /><testcase classname="tests.media.test_providers_registry" name="test_xai_http_error_includes_response_body" time="0.095" /><testcase classname="tests.media.test_providers_registry" name="test_image_clients_are_coroutines_and_provider_code_does_not_call_urlopen" time="0.194" /><testcase classname="tests.media.test_topology_renderer" name="test_background_transform_is_irreversible_and_bounded" time="0.633" /><testcase classname="tests.media.test_topology_renderer" name="test_renderer_is_deterministic_and_owns_labels_geometry" time="0.954" /><testcase classname="tests.media.test_topology_renderer" name="test_renderer_rejects_unknown_labels_and_invalid_layout" time="0.753" /><testcase classname="tests.media.test_topology_renderer" name="test_store_renderer_reads_internal_key_only" time="0.743" /><testcase classname="tests.media.test_topology_renderer" name="test_local_image_store_rejects_path_escape_and_url" time="0.020" /><testcase classname="tests.media.test_v3_image_pipeline_diagnostic" name="test_build_probe_work_order_creates_minimal_visual_request" time="0.003" /><testcase classname="tests.media.test_v3_image_pipeline_diagnostic" name="test_force_production_image_store_temporarily_overrides_app_env" time="0.002" /><testcase classname="tests.media.test_v3_image_pipeline_diagnostic" name="test_format_report_renders_pass_fail_and_error_details" time="0.002" /><testcase classname="tests.media.test_v3_image_pipeline_diagnostic" name="test_run_gcs_probe_labels_constructor_failure_as_gcs_upload" time="0.087" /><testcase classname="tests.media.test_visual_qc_prompt" name="test_visual_qc_prompt_rejects_full_sentence_caption_text" time="0.003" /><testcase classname="tests.media.test_visual_qc_prompt" name="test_diagram_precision_qc_prompt_enforces_closed_label_set_and_metadata_separation" time="0.002" /><testcase classname="tests.media.test_visual_qc_prompt" name="test_topology_raster_qc_prompt_preserves_labels_semantics_and_unwanted_text" time="0.003" /><testcase classname="tests.planning.test_agent_retry_boundary" name="test_no_output_retry_constant_disables_only_output_retries" time="0.009" /><testcase classname="tests.planning.test_agent_retry_boundary" name="test_constrained_planner_modules_import_the_shared_constant" time="0.002" /><testcase classname="tests.planning.test_agent_retry_boundary" name="test_run_json_agent_keeps_the_library_default" time="0.008" /><testcase classname="tests.planning.test_agent_retry_boundary" name="test_structural_planner_agent_disables_output_retry" time="0.050" /><testcase classname="tests.planning.test_agent_retry_boundary" name="test_form_planner_agent_disables_output_retry" time="0.048" /><testcase classname="tests.planning.test_agent_retry_boundary" name="test_teaching_planner_agent_disables_output_retry" time="0.047" /><testcase classname="tests.planning.test_approved_items" name="test_approved_item_to_writer_record" time="0.002" /><testcase classname="tests.planning.test_canonical_path" name="test_normal_four_lesson_plan" time="0.048" /><testcase classname="tests.planning.test_canonical_path" name="test_extra_unknown_fields_ignored" time="0.004" /><testcase classname="tests.planning.test_canonical_path" name="test_arbitrary_unique_keys_normalized_to_l_sequence" time="0.003" /><testcase classname="tests.planning.test_canonical_path" name="test_dependency_mapping_survives_key_normalization" time="0.002" /><testcase classname="tests.planning.test_canonical_path" name="test_normalization_rejects_invalid_structures[&lt;lambda&gt;-duplicate_lesson_key]" time="0.003" /><testcase classname="tests.planning.test_canonical_path" name="test_normalization_rejects_invalid_structures[&lt;lambda&gt;-unknown_dependency]" time="0.002" /><testcase classname="tests.planning.test_canonical_path" name="test_normalization_rejects_invalid_structures[&lt;lambda&gt;-forward_dependency]" time="0.013" /><testcase classname="tests.planning.test_canonical_path" name="test_normalization_rejects_invalid_structures[&lt;lambda&gt;-self_dependency]" time="0.004" /><testcase classname="tests.planning.test_canonical_path" name="test_normalization_rejects_invalid_structures[&lt;lambda&gt;-invalid_knowledge_type]" time="0.003" /><testcase classname="tests.planning.test_canonical_path" name="test_normalization_rejects_invalid_structures[&lt;lambda&gt;-empty_lesson_list]" time="0.003" /><testcase classname="tests.planning.test_canonical_path" name="test_normalization_rejects_invalid_structures[&lt;lambda&gt;-duplicate_objectives]" time="0.004" /><testcase classname="tests.planning.test_canonical_path" name="test_concept_slug_is_code_owned" time="0.003" /><testcase classname="tests.planning.test_canonical_path" name="test_constructor_prefix_normalizer_strips_repeated_prefixes" time="0.002" /><testcase classname="tests.planning.test_canonical_path" name="test_constructor_prefix_normalizer_preserves_legitimate_text" time="0.002" /><testcase classname="tests.planning.test_canonical_path" name="test_path_planner_request_excludes_empty_placeholders" time="0.003" /><testcase classname="tests.planning.test_canonical_path" name="test_empty_do_not_cover_normalizes_successfully" time="0.026" /><testcase classname="tests.planning.test_canonical_path" name="test_blank_do_not_cover_items_strip_to_empty" time="0.004" /><testcase classname="tests.planning.test_canonical_path" name="test_empty_must_cover_is_rejected" time="0.003" /><testcase classname="tests.planning.test_catalogue_projections" name="test_teaching_guidance_contains_no_page_object_ids" time="0.207" /><testcase classname="tests.planning.test_catalogue_projections" name="test_form_guidance_has_objects_but_no_writer_prompts" time="0.006" /><testcase classname="tests.planning.test_catalogue_projections" name="test_writer_contract_is_single_object" time="0.003" /><testcase classname="tests.planning.test_chat_edit" name="test_chat_edit_persists_valid_minimal_plan" time="2.782" /><testcase classname="tests.planning.test_chat_edit" name="test_chat_edit_reports_validation_messages_without_persisting" time="2.625" /><testcase classname="tests.planning.test_chat_edit" name="test_chat_edit_rejects_stale_path_revision" time="2.260" /><testcase classname="tests.planning.test_constructor" name="test_run_constructor_returns_at_most_one_clarifying_question" time="0.021" /><testcase classname="tests.planning.test_constructor" name="test_run_constructor_forwards_correction_and_clarifying_answer" time="0.018" /><testcase classname="tests.planning.test_constructor" name="test_constructor_output_rejects_multiple_clarifying_questions" time="0.003" /><testcase classname="tests.planning.test_constructor" name="test_constructor_prompt_overlay_and_default_both_load" time="2.215" /><testcase classname="tests.planning.test_constructor" name="test_create_unit_with_legacy_fields_still_works" time="2.003" /><testcase classname="tests.planning.test_constructor" name="test_create_unit_from_constructor_filled_fields_works" time="2.064" /><testcase classname="tests.planning.test_constructor" name="test_constructor_readback_route_returns_llm_output" time="2.620" /><testcase classname="tests.planning.test_contract_hardening" name="test_missing_candidate_map_entry_fails" time="0.003" /><testcase classname="tests.planning.test_contract_hardening" name="test_empty_candidate_set_fails" time="0.003" /><testcase classname="tests.planning.test_contract_hardening" name="test_required_visual_slot_requires_legal_figure_decision" time="0.003" /><testcase classname="tests.planning.test_contract_hardening" name="test_illegal_object_fails_when_candidate_set_empty" time="0.002" /><testcase classname="tests.planning.test_contract_hardening" name="test_form_uses_snapshot_compatibility_not_live_catalogue" time="0.005" /><testcase classname="tests.planning.test_contract_hardening" name="test_assessment_candidates_follow_approved_item_kind_and_keep_ownership" time="0.003" /><testcase classname="tests.planning.test_contract_hardening" name="test_multiple_mcq_sources_are_rejected_by_teaching_validation" time="0.004" /><testcase classname="tests.planning.test_contract_hardening" name="test_item_source_requires_assessment_intent_and_unique_block_owner" time="0.003" /><testcase classname="tests.planning.test_contract_hardening" name="test_teaching_multi_source_draft_repairs_to_one_approved_mcq" time="0.060" /><testcase classname="tests.planning.test_contract_hardening" name="test_missing_assessment_source_is_repaired_before_validation" time="0.018" /><testcase classname="tests.planning.test_contract_hardening" name="test_teaching_multi_source_exhaustion_is_recoverable_output_failure" time="0.019" /><testcase classname="tests.planning.test_contract_hardening" name="test_missing_legality_snapshot_load_fails_closed" time="0.054" /><testcase classname="tests.planning.test_contract_hardening" name="test_form_planner_skips_llm_when_no_candidates" time="0.018" /><testcase classname="tests.planning.test_contract_hardening" name="test_form_planner_skips_llm_when_required_visual_has_no_figure_candidate" time="0.016" /><testcase classname="tests.planning.test_contract_hardening" name="test_teaching_schema_failure_gets_informed_repair" time="0.023" /><testcase classname="tests.planning.test_contract_hardening" name="test_form_schema_extra_intent_gets_informed_repair" time="0.054" /><testcase classname="tests.planning.test_contract_hardening" name="test_structured_output_errors_from_validation_error" time="0.003" /><testcase classname="tests.planning.test_contract_hardening" name="test_resume_revalidates_legacy_fat_form_plan" time="0.772" /><testcase classname="tests.planning.test_contract_hardening" name="test_assemble_lesson_guidance_not_recalled_on_form_resume" time="0.629" /><testcase classname="tests.planning.test_contract_hardening" name="test_teaching_with_persisted_legality_does_not_reassemble" time="0.021" /><testcase classname="tests.planning.test_contract_hardening" name="test_build_lesson_legality_snapshot_calls_assemble_once" time="0.007" /><testcase classname="tests.planning.test_contract_hardening" name="test_legality_snapshot_hash_mismatch_fails" time="0.005" /><testcase classname="tests.planning.test_contract_hardening" name="test_legality_snapshot_resource_mismatch_fails" time="0.004" /><testcase classname="tests.planning.test_contract_hardening" name="test_missing_compatibility_key_fails" time="0.004" /><testcase classname="tests.planning.test_contract_hardening" name="test_illegal_compatibility_object_fails" time="0.003" /><testcase classname="tests.planning.test_contract_hardening" name="test_explicit_empty_compatibility_skips_llm" time="0.011" /><testcase classname="tests.planning.test_contract_hardening" name="test_form_planner_preserves_timeout_after_attempts_exhausted" time="0.018" /><testcase classname="tests.planning.test_contract_hardening" name="test_resume_uses_persisted_compatibility_not_live_catalogue" time="0.524" /><testcase classname="tests.planning.test_contract_ownership" name="test_form_decision_rejects_teaching_owned_fields" time="0.003" /><testcase classname="tests.planning.test_contract_ownership" name="test_form_decision_requires_escalation_field_and_forbids_extra" time="0.004" /><testcase classname="tests.planning.test_contract_ownership" name="test_coerce_legacy_fat_form_plan" time="0.002" /><testcase classname="tests.planning.test_contract_ownership" name="test_validate_form_plan_uses_shared_candidate_map" time="0.003" /><testcase classname="tests.planning.test_contract_ownership" name="test_validate_form_plan_rejects_unknown_and_duplicate_blocks" time="0.004" /><testcase classname="tests.planning.test_contract_ownership" name="test_form_planner_input_envelope_has_required_context" time="0.008" /><testcase classname="tests.planning.test_contract_ownership" name="test_form_planner_payload_carries_required_visual_slots" time="0.005" /><testcase classname="tests.planning.test_contract_ownership" name="test_resolve_block_plans_joins_ownership" time="0.004" /><testcase classname="tests.planning.test_contract_ownership" name="test_form_section_ownership_is_repaired_from_block_ids" time="0.002" /><testcase classname="tests.planning.test_contract_ownership" name="test_resolved_choices_preserves_single_teaching_question_id" time="0.002" /><testcase classname="tests.planning.test_contract_ownership" name="test_resolved_non_assessment_cannot_drop_teaching_item_ownership" time="0.004" /><testcase classname="tests.planning.test_contract_ownership" name="test_writer_outcome_has_no_authoritative_object_intent" time="0.007" /><testcase classname="tests.planning.test_contract_ownership" name="test_writer_input_envelope_requires_brief_and_object_contract" time="0.005" /><testcase classname="tests.planning.test_contract_ownership" name="test_writer_rejects_wrong_content_type" time="0.004" /><testcase classname="tests.planning.test_contract_ownership" name="test_e2e_join_assemble_persist_shape" time="0.010" /><testcase classname="tests.planning.test_legacy_compatibility" name="test_legacy_packs_are_computed_as_one_lesson_units_without_writes" time="2.427" /><testcase classname="tests.planning.test_native_only_routing" name="test_generation_is_native_from_context_flag" time="0.004" /><testcase classname="tests.planning.test_native_only_routing" name="test_generation_is_native_from_page_document" time="0.004" /><testcase classname="tests.planning.test_native_only_routing" name="test_generation_is_native_from_top_level_flag" time="0.003" /><testcase classname="tests.planning.test_native_only_routing" name="test_generation_is_native_from_contract_version" time="0.003" /><testcase classname="tests.planning.test_native_only_routing" name="test_generation_is_native_from_status" time="0.003" /><testcase classname="tests.planning.test_native_only_routing" name="test_legacy_stage2_pipeline_blocks_without_calling_resume" time="0.004" /><testcase classname="tests.planning.test_native_only_routing" name="test_native_retry_section_does_not_call_legacy_retry" time="0.018" /><testcase classname="tests.planning.test_native_only_routing" name="test_native_retry_section_requeues_failed_recoverable" time="0.034" /><testcase classname="tests.planning.test_native_report_projection" name="test_persist_native_failure_projects_consistent_report_status[recoverable]" time="2.188" /><testcase classname="tests.planning.test_native_report_projection" name="test_persist_native_failure_projects_consistent_report_status[terminal]" time="2.350" /><testcase classname="tests.planning.test_native_report_projection" name="test_retry_reset_and_claim_project_running_status" time="2.243" /><testcase classname="tests.planning.test_native_report_projection" name="test_active_native_stages_project_running[item_generation]" time="2.156" /><testcase classname="tests.planning.test_native_report_projection" name="test_active_native_stages_project_running[planning_teaching]" time="2.549" /><testcase classname="tests.planning.test_native_report_projection" name="test_active_native_stages_project_running[awaiting_teaching_approval]" time="2.081" /><testcase classname="tests.planning.test_native_report_projection" name="test_active_native_stages_project_running[queued]" time="2.154" /><testcase classname="tests.planning.test_native_report_projection" name="test_active_native_stages_project_running[planning_forms]" time="2.326" /><testcase classname="tests.planning.test_native_report_projection" name="test_active_native_stages_project_running[writing_sections]" time="2.172" /><testcase classname="tests.planning.test_native_report_projection" name="test_active_native_stages_project_running[writing_blocks]" time="2.311" /><testcase classname="tests.planning.test_native_report_projection" name="test_active_native_stages_project_running[assembling]" time="2.215" /><testcase classname="tests.planning.test_native_report_projection" name="test_active_native_stages_project_running[awaiting_visuals]" time="2.154" /><testcase classname="tests.planning.test_native_report_projection" name="test_ready_projects_completed_without_changing_booklet_status" time="2.304" /><testcase classname="tests.planning.test_native_retry_durability" name="test_d01_http_202_while_teaching_blocked_then_worker_finishes" time="0.372" /><testcase classname="tests.planning.test_native_retry_durability" name="test_d02_client_drop_after_202_worker_still_completes" time="0.275" /><testcase classname="tests.planning.test_native_retry_durability" name="test_retry_accept_does_not_count_as_worker_attempt[planning_teaching-planning_teaching]" time="0.166" /><testcase classname="tests.planning.test_native_retry_durability" name="test_retry_accept_does_not_count_as_worker_attempt[planning_forms-queued]" time="0.168" /><testcase classname="tests.planning.test_native_retry_durability" name="test_d03_stale_lease_reclaim_old_token_blocked" time="0.359" /><testcase classname="tests.planning.test_native_retry_durability" name="test_d04_item_checkpoint_then_teaching_only_reclaim" time="0.471" /><testcase classname="tests.planning.test_native_retry_durability" name="test_d05_concurrent_claim_single_winner" time="0.295" /><testcase classname="tests.planning.test_native_retry_durability" name="test_d06_stale_worker_completion_lease_lost" time="0.256" /><testcase classname="tests.planning.test_native_retry_durability" name="test_d07_worker_poll_discovers_abandoned_teaching" time="0.471" /><testcase classname="tests.planning.test_native_retry_durability" name="test_h01_failed_cards_retained_on_success_summary" time="0.003" /><testcase classname="tests.planning.test_native_retry_durability" name="test_h02_failed_cards_deduped_by_card_and_correlation" time="0.003" /><testcase classname="tests.planning.test_native_retry_durability" name="test_h03_multi_correlation_failed_cards_retained" time="0.002" /><testcase classname="tests.planning.test_native_retry_durability" name="test_i01_integrated_teaching_accept_crash_reclaim" time="0.415" /><testcase classname="tests.planning.test_native_retry_durability" name="test_i02_integrated_item_checkpoint_items_once" time="0.905" /><testcase classname="tests.planning.test_native_retry_lease_fencing" name="test_f01_stale_item_worker_cannot_persist_after_reclaim" time="0.341" /><testcase classname="tests.planning.test_native_retry_lease_fencing" name="test_f02_stale_item_worker_cannot_overwrite_worker2_results" time="0.608" /><testcase classname="tests.planning.test_native_retry_lease_fencing" name="test_f03_stale_teaching_worker_cannot_persist_after_reclaim" time="0.404" /><testcase classname="tests.planning.test_native_retry_lease_fencing" name="test_f04_new_teaching_worker_wins_race" time="0.811" /><testcase classname="tests.planning.test_native_retry_lease_fencing" name="test_f05_stale_worker_cannot_append_success_events" time="0.241" /><testcase classname="tests.planning.test_native_retry_lease_fencing" name="test_f06_healthy_worker_path_still_works" time="0.455" /><testcase classname="tests.planning.test_native_retry_lease_fencing" name="test_f07_current_worker_failure_diagnostics_still_persist" time="0.281" /><testcase classname="tests.planning.test_native_retry_pre_worker" name="test_decide_targets" time="0.003" /><testcase classname="tests.planning.test_native_retry_pre_worker" name="test_r01_item_transport_failure_then_retry" time="0.459" /><testcase classname="tests.planning.test_native_retry_pre_worker" name="test_r02_teaching_retry_does_not_rerun_items" time="0.242" /><testcase classname="tests.planning.test_native_retry_pre_worker" name="test_r03_terminal_teaching_reject_retry" time="0.095" /><testcase classname="tests.planning.test_native_retry_pre_worker" name="test_r04_duplicate_retry_protection" time="0.241" /><testcase classname="tests.planning.test_native_retry_pre_worker" name="test_r05_post_approval_queues" time="0.150" /><testcase classname="tests.planning.test_native_retry_pre_worker" name="test_r06_visual_failure_not_owned_by_retry_native" time="0.272" /><testcase classname="tests.planning.test_native_retry_pre_worker" name="test_r07_error_aliases_clear_after_teaching_recovery" time="0.254" /><testcase classname="tests.planning.test_native_retry_pre_worker" name="test_injected_form_timeout_retry_resumes_at_planning_forms" time="0.415" /><testcase classname="tests.planning.test_native_status_payload" name="test_native_status_writing_projection" time="0.003" /><testcase classname="tests.planning.test_native_status_payload" name="test_native_status_awaiting_visuals_is_not_active_execution" time="0.003" /><testcase classname="tests.planning.test_native_status_payload" name="test_native_status_keeps_failed_visual_callback_retryable_after_ready_asset" time="0.003" /><testcase classname="tests.planning.test_native_status_payload" name="test_native_status_surfaces_archived_flagged_qc_until_accepted_replacement" time="0.002" /><testcase classname="tests.planning.test_native_status_payload" name="test_native_status_prefers_live_checkpoint_over_stale_generation_row" time="0.002" /><testcase classname="tests.planning.test_native_status_payload" name="test_native_status_recoverable_failure_has_structured_error" time="0.002" /><testcase classname="tests.planning.test_native_status_payload" name="test_native_status_ready_with_document" time="0.002" /><testcase classname="tests.planning.test_native_status_payload" name="test_native_status_terminal_never_null_error" time="0.003" /><testcase classname="tests.planning.test_native_status_payload" name="test_normalize_chunked_status_uses_native_projector" time="0.003" /><testcase classname="tests.planning.test_optional_path_actions_flow" name="test_baseline_create_plan_approve_prepare" time="3.415" /><testcase classname="tests.planning.test_optional_path_actions_flow" name="test_hints_do_not_block_approve_prepare" time="3.248" /><testcase classname="tests.planning.test_optional_path_actions_flow" name="test_hint_merge_then_prepare" time="3.112" /><testcase classname="tests.planning.test_optional_path_actions_flow" name="test_insert_foundation_then_prepare" time="3.283" /><testcase classname="tests.planning.test_optional_path_actions_flow" name="test_mark_starting_knowledge_then_prepare" time="3.250" /><testcase classname="tests.planning.test_optional_path_actions_flow" name="test_insert_foundation_stale_revision_is_recoverable" time="2.943" /><testcase classname="tests.planning.test_optional_path_actions_flow" name="test_adjacent_merge_hints_unit" time="0.004" /><testcase classname="tests.planning.test_outcomes" name="test_actual_edits_append_audited_revisions_without_rewriting_artifacts" time="2.459" /><testcase classname="tests.planning.test_outcomes" name="test_marks_reconcile_owned_options_and_keep_null_distractors_unclaimed" time="2.374" /><testcase classname="tests.planning.test_outcomes" name="test_marks_reject_cross_pack_item_ownership" time="2.246" /><testcase classname="tests.planning.test_packet_slot_derivation" name="test_slot_ids_from_structural_plan_conceptual_yaml_order" time="0.005" /><testcase classname="tests.planning.test_packet_slot_derivation" name="test_slot_ids_from_structural_plan_factual_order" time="0.003" /><testcase classname="tests.planning.test_packet_slot_derivation" name="test_slot_ids_from_structural_plan_procedural_skeleton_order" time="0.004" /><testcase classname="tests.planning.test_packet_slot_derivation" name="test_slot_ids_from_structural_plan_prefers_role_over_id" time="0.005" /><testcase classname="tests.planning.test_packet_slot_derivation" name="test_empty_structural_plan_falls_back_to_conceptual_constant" time="0.003" /><testcase classname="tests.planning.test_packet_slot_derivation" name="test_packet_slots_preserve_plan_order_not_alphabetical" time="0.002" /><testcase classname="tests.planning.test_packet_slot_derivation" name="test_packet_slots_preserve_authoritative_visual_flags" time="0.003" /><testcase classname="tests.planning.test_page_block_planner" name="test_page_document_scope_matches_conceptual_first_exposure" time="0.003" /><testcase classname="tests.planning.test_page_block_planner" name="test_page_document_scope_matches_all_shapes" time="0.003" /><testcase classname="tests.planning.test_page_block_planner" name="test_guidance_for_orient_has_typical_and_permitted" time="0.206" /><testcase classname="tests.planning.test_page_block_planner" name="test_validate_plan_allows_atypical_with_reason" time="0.209" /><testcase classname="tests.planning.test_page_block_planner" name="test_validate_plan_rejects_excluded_via_guidance" time="0.182" /><testcase classname="tests.planning.test_page_projections" name="test_v2_projections_do_not_read_legacy_component_fields" time="0.005" /><testcase classname="tests.planning.test_page_projections" name="test_intent_projection_and_qc" time="0.010" /><testcase classname="tests.planning.test_parallel_section_execution" name="test_section_parallel_respects_max_concurrency_and_canonical_order" time="1.269" /><testcase classname="tests.planning.test_parallel_section_execution" name="test_section_parallel_writes_six_sections" time="2.029" /><testcase classname="tests.planning.test_parallel_section_execution" name="test_exhausted_provider_connection_remains_recoverable" time="0.326" /><testcase classname="tests.planning.test_path_bridge" name="test_prepare_path_is_native_even_when_capability_flags_are_disabled" time="2.333" /><testcase classname="tests.planning.test_path_bridge" name="test_normalize_page_concept_card_payload_strips_planner_extras" time="0.003" /><testcase classname="tests.planning.test_path_bridge" name="test_normalize_page_concept_card_payload_drops_empty_misconceptions" time="0.004" /><testcase classname="tests.planning.test_path_bridge" name="test_bridge_preserves_authoritative_visual_flag_when_planner_clears_it" time="0.004" /><testcase classname="tests.planning.test_path_bridge" name="test_normalize_page_concept_card_payload_forces_approved_objective[raw_overrides0]" time="0.004" /><testcase classname="tests.planning.test_path_bridge" name="test_normalize_page_concept_card_payload_forces_approved_objective[raw_overrides1]" time="0.003" /><testcase classname="tests.planning.test_path_bridge" name="test_normalize_page_concept_card_payload_forces_approved_objective[raw_overrides2]" time="0.003" /><testcase classname="tests.planning.test_path_bridge" name="test_normalize_page_concept_card_payload_forces_approved_objective[raw_overrides3]" time="0.003" /><testcase classname="tests.planning.test_path_bridge" name="test_length_limits_are_advisory_not_enforced" time="0.003" /><testcase classname="tests.planning.test_path_bridge" name="test_prepare_bridge_locks_slots_and_objective_hash" time="2.614" /><testcase classname="tests.planning.test_path_bridge" name="test_prepare_bridge_does_not_reuse_empty_preworker_visual_handoff" time="2.767" /><testcase classname="tests.planning.test_path_bridge" name="test_later_preparation_receives_actuals_as_explicit_advisory_context" time="2.284" /><testcase classname="tests.planning.test_path_bridge" name="test_approved_shape_deviation_survives_safe_regeneration" time="2.449" /><testcase classname="tests.planning.test_path_bridge" name="test_prepare_bridge_uses_persisted_groups_and_one_shared_pack" time="2.572" /><testcase classname="tests.planning.test_path_bridge" name="test_prepare_bridge_forces_approved_objective_over_rewrite" time="3.404" /><testcase classname="tests.planning.test_path_bridge" name="test_prepare_bridge_routes_factual_to_native_under_scope_all" time="2.295" /><testcase classname="tests.planning.test_path_bridge" name="test_native_sections_take_blocks_only_from_page_block_plans" time="2.715" /><testcase classname="tests.planning.test_path_contracts" name="test_canonical_fixtures_parse" time="0.060" /><testcase classname="tests.planning.test_path_contracts" name="test_planner_request_forbids_count_and_duration" time="0.002" /><testcase classname="tests.planning.test_path_contracts" name="test_phase5_prompts_are_verbatim[path-structural-planner-v1.txt-5-Structural Planner \\(rewrite\\)]" time="0.073" /><testcase classname="tests.planning.test_path_planner_repair" name="test_planner_repairs_invalid_forward_dependency" time="0.031" /><testcase classname="tests.planning.test_path_planner_repair" name="test_planner_fails_recoverably_after_two_invalid_attempts" time="0.034" /><testcase classname="tests.planning.test_path_planner_repair" name="test_planner_succeeds_on_first_valid_attempt" time="0.018" /><testcase classname="tests.planning.test_path_routes" name="test_path_planning_lock_is_scoped_to_user_and_unit" time="0.013" /><testcase classname="tests.planning.test_path_routes" name="test_phase5_unit_and_path_routes_are_registered" time="2.069" /><testcase classname="tests.planning.test_path_routes" name="test_path_planner_openapi_has_no_count_or_duration_input" time="1.883" /><testcase classname="tests.planning.test_path_routes" name="test_canonical_path_approval_succeeds_over_http" time="2.276" /><testcase classname="tests.planning.test_path_routes" name="test_unprepared_lesson_status_is_explicit_over_http" time="2.285" /><testcase classname="tests.planning.test_path_routes" name="test_path_edit_revokes_approval_before_preparation" time="2.629" /><testcase classname="tests.planning.test_path_routes" name="test_history_restore_status_and_stale_edit_are_explicit" time="2.561" /><testcase classname="tests.planning.test_path_routes" name="test_schedule_and_groups_reject_cross_user_access" time="2.227" /><testcase classname="tests.planning.test_path_routes" name="test_shape_deviation_requires_explicit_approval_over_http" time="2.517" /><testcase classname="tests.planning.test_path_routes" name="test_schedule_and_groups_round_trip_over_http" time="2.812" /><testcase classname="tests.planning.test_path_routes" name="test_lesson_actual_round_trip_is_revision_guarded_over_http" time="2.407" /><testcase classname="tests.planning.test_path_routes" name="test_new_paths_expose_empty_open_assumptions" time="2.313" /><testcase classname="tests.planning.test_path_service" name="test_persist_resolves_concepts_and_uuid_prerequisites" time="2.431" /><testcase classname="tests.planning.test_path_service" name="test_replan_retains_concept_ids_and_teacher_edits" time="2.449" /><testcase classname="tests.planning.test_path_service" name="test_skip_reorder_split_and_merge_are_explicit_state" time="3.492" /><testcase classname="tests.planning.test_path_service" name="test_unreachable_legacy_fixture_is_approvable_after_canonical_persist" time="2.265" /><testcase classname="tests.planning.test_path_service" name="test_structural_checkpoint_preserves_identity_and_prerequisites" time="2.461" /><testcase classname="tests.planning.test_path_service" name="test_approve_validates_persisted_graph_not_external_prerequisites" time="2.293" /><testcase classname="tests.planning.test_path_service" name="test_approve_blocks_objective_hash_mismatch" time="2.221" /><testcase classname="tests.planning.test_path_service" name="test_approve_blocks_do_not_cover_violation" time="2.297" /><testcase classname="tests.planning.test_path_service" name="test_persist_maps_scope_and_compat_fields" time="2.257" /><testcase classname="tests.planning.test_path_service" name="test_canonical_plan_from_version_empty_exclusions" time="2.504" /><testcase classname="tests.planning.test_path_service" name="test_canonical_plan_from_version_falls_back_to_lesson_must_establish" time="2.206" /><testcase classname="tests.planning.test_path_service" name="test_canonical_plan_from_version_falls_back_to_destination" time="2.466" /><testcase classname="tests.planning.test_path_structural_models" name="test_accepts_exactly_one_card" time="0.004" /><testcase classname="tests.planning.test_path_structural_models" name="test_rejects_two_cards" time="0.005" /><testcase classname="tests.planning.test_path_structural_models" name="test_accepts_zero_cards_when_objective_concern_is_raised" time="0.004" /><testcase classname="tests.planning.test_path_structural_models" name="test_accepts_omitted_escape_hatch_keys" time="0.003" /><testcase classname="tests.planning.test_path_structural_models" name="test_section_tolerates_and_drops_slot_id_and_blocks" time="0.003" /><testcase classname="tests.planning.test_path_structural_models" name="test_card_tolerates_planner_only_extras" time="0.003" /><testcase classname="tests.planning.test_path_structural_models" name="test_bare_string_misconception_coerces_to_description" time="0.003" /><testcase classname="tests.planning.test_path_structural_models" name="test_statement_survives_the_dump_so_the_bridge_can_rename_it" time="0.003" /><testcase classname="tests.planning.test_path_structural_models" name="test_schema_exposes_typed_definitions_not_free_form_objects" time="0.016" /><testcase classname="tests.planning.test_path_structural_models" name="test_schema_descriptions_steer_away_from_slot_id" time="0.016" /><testcase classname="tests.planning.test_path_structural_repair" name="test_valid_first_attempt_makes_exactly_one_call" time="0.041" /><testcase classname="tests.planning.test_path_structural_repair" name="test_repairs_once_with_previous_output_and_exact_errors" time="0.019" /><testcase classname="tests.planning.test_path_structural_repair" name="test_second_invalid_attempt_fails_with_structured_errors" time="0.015" /><testcase classname="tests.planning.test_path_structural_repair" name="test_wrong_card_count_triggers_repair" time="0.015" /><testcase classname="tests.planning.test_path_structural_repair" name="test_schema_failure_extracts_pydantic_messages_and_sends_no_previous_output" time="0.016" /><testcase classname="tests.planning.test_path_structural_repair" name="test_second_schema_failure_propagates_the_provider_error" time="0.018" /><testcase classname="tests.planning.test_path_structural_repair" name="test_expected_slots_come_from_slot_id_not_slot_role" time="0.013" /><testcase classname="tests.planning.test_path_structural_validation" name="test_well_formed_plan_has_no_violations" time="0.004" /><testcase classname="tests.planning.test_path_structural_validation" name="test_rejects_visual_flag_drift_against_fixed_slots" time="0.003" /><testcase classname="tests.planning.test_path_structural_validation" name="test_rejects_wrong_section_order" time="0.003" /><testcase classname="tests.planning.test_path_structural_validation" name="test_rejects_duplicate_section_ids" time="0.004" /><testcase classname="tests.planning.test_path_structural_validation" name="test_rejects_section_count_mismatch" time="0.003" /><testcase classname="tests.planning.test_path_structural_validation" name="test_rejects_role_that_uses_the_slot_role_instead_of_the_slot_id" time="0.003" /><testcase classname="tests.planning.test_path_structural_validation" name="test_rejects_non_null_first_transition_note" time="0.004" /><testcase classname="tests.planning.test_path_structural_validation" name="test_rejects_blank_title" time="0.004" /><testcase classname="tests.planning.test_path_structural_validation" name="test_rejects_zero_cards_when_no_concern_is_raised" time="0.005" /><testcase classname="tests.planning.test_path_structural_validation" name="test_ignores_rewritten_objective" time="0.003" /><testcase classname="tests.planning.test_path_structural_validation" name="test_ignores_wrong_card_id" time="0.003" /><testcase classname="tests.planning.test_path_structural_validation" name="test_objective_concern_short_circuits_every_other_check" time="0.002" /><testcase classname="tests.planning.test_path_structural_validation" name="test_deviation_request_short_circuits_every_other_check" time="0.002" /><testcase classname="tests.planning.test_path_structural_validation" name="test_context_error_carries_structured_errors" time="0.003" /><testcase classname="tests.planning.test_phase01_terminology_legality" name="test_c01_path_scope_terminology_schema_accepts_and_preserves" time="0.004" /><testcase classname="tests.planning.test_phase01_terminology_legality" name="test_c02_terminology_persistence" time="2.225" /><testcase classname="tests.planning.test_phase01_terminology_legality" name="test_c03_terminology_round_trip" time="2.746" /><testcase classname="tests.planning.test_phase01_terminology_legality" name="test_c04_packet_consumes_persisted_terminology" time="2.197" /><testcase classname="tests.planning.test_phase01_terminology_legality" name="test_c05_typical_intent_legal_without_departure" time="0.003" /><testcase classname="tests.planning.test_phase01_terminology_legality" name="test_c06_non_typical_permitted_requires_departure" time="0.003" /><testcase classname="tests.planning.test_phase01_terminology_legality" name="test_c07_excluded_intent_always_blocked" time="0.002" /><testcase classname="tests.planning.test_phase01_terminology_legality" name="test_c08_legality_projection_identity" time="0.003" /><testcase classname="tests.planning.test_phase02_delivery_proof" name="test_conceptual_resilience_then_assemble" time="1.613" /><testcase classname="tests.planning.test_phase02_delivery_proof" name="test_teacher_answer_phrase_not_in_student_projection" time="0.004" /><testcase classname="tests.planning.test_phase02_delivery_proof" name="test_visual_completion_idempotent_by_request_id" time="0.005" /><testcase classname="tests.planning.test_phase02_delivery
[...]
1_role_instructions_name_skeleton_slots_as_authority" time="0.015" /><testcase classname="tests.v3_execution.prompts.test_shared_prompt_prefix" name="test_writer_prompts_share_stable_prefix" time="0.038" /><testcase classname="tests.v3_execution.prompts.test_shared_prompt_prefix" name="test_section_writer_prompt_includes_structured_constraints" time="0.025" /><testcase classname="tests.v3_execution.test_answer_key_generator" name="test_execute_answer_key_is_deterministic_from_expected_answers" time="0.009" /><testcase classname="tests.v3_execution.test_answer_key_generator" name="test_execute_answer_key_raises_when_include_ids_are_missing" time="0.010" /><testcase classname="tests.v3_execution.test_booklet_status" name="test_no_sections_is_failed_unusable" time="0.003" /><testcase classname="tests.v3_execution.test_booklet_status" name="test_review_not_done_with_draft_is_draft_ready" time="0.003" /><testcase classname="tests.v3_execution.test_booklet_status" name="test_minor_issues_before_finalisation_is_draft_with_warnings" time="0.003" /><testcase classname="tests.v3_execution.test_booklet_status" name="test_major_issue_keeps_draft_needs_review" time="0.003" /><testcase classname="tests.v3_execution.test_booklet_status" name="test_finalised_with_no_issues_is_final_ready" time="0.005" /><testcase classname="tests.v3_execution.test_booklet_status" name="test_finalised_with_minor_issues_is_final_with_warnings" time="0.003" /><testcase classname="tests.v3_execution.test_booklet_status" name="test_fatal_categories_force_failed_unusable" time="0.003" /><testcase classname="tests.v3_execution.test_booklet_status" name="test_failed_lane_cannot_be_reported_as_final" time="0.003" /><testcase classname="tests.v3_execution.test_booklet_status" name="test_lane_failure_threshold_is_configurable" time="0.002" /><testcase classname="tests.v3_execution.test_booklet_status" name="test_incomplete_section_cannot_be_reported_as_final" time="0.003" /><testcase classname="tests.v3_execution.test_booklet_status" name="test_section_metadata_keys_do_not_create_schema_violations" time="0.002" /><testcase classname="tests.v3_execution.test_compile_orders_series_frames" name="test_compile_orders_derives_multiple_diagram_series_frames" time="0.009" /><testcase classname="tests.v3_execution.test_compile_orders_series_frames" name="test_compile_orders_series_falls_back_without_markers" time="0.007" /><testcase classname="tests.v3_execution.test_compile_orders_series_frames" name="test_compile_orders_series_uses_legacy_frame_fallback_for_old_blueprints" time="0.006" /><testcase classname="tests.v3_execution.test_compile_orders_series_frames" name="test_compile_orders_series_prefers_structured_frames_over_legacy_markers" time="0.006" /><testcase classname="tests.v3_execution.test_compile_orders_series_frames" name="test_compile_orders_dependency_uses_source_question_ids" time="0.006" /><testcase classname="tests.v3_execution.test_compile_orders_series_frames" name="test_compile_orders_drops_caption_like_must_show_item" time="0.008" /><testcase classname="tests.v3_execution.test_compile_orders_series_frames" name="test_compile_orders_preserves_visual_style_and_defaults_unknown_to_none" time="0.006" /><testcase classname="tests.v3_execution.test_item_attempt_durability" name="test_semantic_fail_then_success_persists_both_attempts" time="0.218" /><testcase classname="tests.v3_execution.test_item_attempt_durability" name="test_all_attempts_fail_persisted_after_stage_failure" time="0.173" /><testcase classname="tests.v3_execution.test_item_attempt_durability" name="test_transport_class_survives_persistence" time="0.178" /><testcase classname="tests.v3_execution.test_item_attempt_durability" name="test_first_attempt_success_one_record" time="0.162" /><testcase classname="tests.v3_execution.test_item_executor" name="test_item_executor_public_signature_accepts_only_card" time="0.002" /><testcase classname="tests.v3_execution.test_item_executor" name="test_item_executor_rejects_generated_content_channel" time="0.002" /><testcase classname="tests.v3_execution.test_item_executor" name="test_item_prompt_contains_only_approved_card_fields" time="0.003" /><testcase classname="tests.v3_execution.test_item_executor" name="test_item_validator_recomputes_coverage_and_unmapped_count" time="0.004" /><testcase classname="tests.v3_execution.test_item_executor" name="test_item_identity_repair_rewrites_only_a_consistent_provider_prefix" time="0.004" /><testcase classname="tests.v3_execution.test_item_executor" name="test_item_identity_repair_fails_closed_for_mixed_question_ids" time="0.003" /><testcase classname="tests.v3_execution.test_item_executor" name="test_item_validator_rejects_unknown_misconception_id" time="0.004" /><testcase classname="tests.v3_execution.test_item_executor" name="test_item_validator_flags_missing_coverage_for_review" time="0.004" /><testcase classname="tests.v3_execution.test_item_executor" name="test_item_requires_exactly_one_correct_option" time="0.003" /><testcase classname="tests.v3_execution.test_lanes" name="test_run_lane_prose_then_questions_in_order" time="0.017" /><testcase classname="tests.v3_execution.test_lanes" name="test_run_lane_skips_existing_prose_step" time="0.021" /><testcase classname="tests.v3_execution.test_lanes" name="test_run_lane_hydrates_existing_steps_and_marks_each_stage_complete" time="0.021" /><testcase classname="tests.v3_execution.test_lanes" name="test_run_lane_records_budget_failure" time="0.025" /><testcase classname="tests.v3_execution.test_lanes" name="test_stage2_parallel_false_forces_lane_concurrency_one" time="0.003" /><testcase classname="tests.v3_execution.test_lanes" name="test_answer_key_concurrency_is_configurable" time="0.006" /><testcase classname="tests.v3_execution.test_lectio_validation_trim_policy" name="test_trim_allowlist_trims_explanation_emphasis_without_review_issue" time="0.004" /><testcase classname="tests.v3_execution.test_lectio_validation_trim_policy" name="test_semantic_arrays_are_not_trimmed_by_default" time="0.004" /><testcase classname="tests.v3_execution.test_llm_helpers" name="test_structured_output_type_wraps_deepseek_models_with_prompted_output" time="0.002" /><testcase classname="tests.v3_execution.test_llm_helpers" name="test_structured_output_type_leaves_non_deepseek_models_unchanged" time="0.002" /><testcase classname="tests.v3_execution.test_phase02_item_observability" name="test_i01_item_success_diagnostic" time="0.068" /><testcase classname="tests.v3_execution.test_phase02_item_observability" name="test_i01_item_executor_passes_explicit_timeout_policy" time="0.088" /><testcase classname="tests.v3_execution.test_phase02_item_observability" name="test_i02_item_timeout_diagnostic" time="0.072" /><testcase classname="tests.v3_execution.test_phase02_item_observability" name="test_i02_timeout_classification" time="0.003" /><testcase classname="tests.v3_execution.test_phase02_item_observability" name="test_i03_structured_output_contract" time="0.002" /><testcase classname="tests.v3_execution.test_phase02_item_observability" name="test_i04_semantic_error_classification" time="0.002" /><testcase classname="tests.v3_execution.test_phase02_item_observability" name="test_i05_failed_then_repaired_unchanged_budget" time="0.080" /><testcase classname="tests.v3_execution.test_phase02_item_observability" name="test_validate_item_result_accepts_valid" time="0.004" /><testcase classname="tests.v3_execution.test_policy_flags" name="test_policy_flag_defaults" time="0.003" /><testcase classname="tests.v3_execution.test_policy_flags" name="test_policy_flags_restore_compatibility_values" time="0.004" /><testcase classname="tests.v3_execution.test_runner_event_bus" name="test_sse_stream_publishes_events_to_event_bus" time="0.009" /><testcase classname="tests.v3_execution.test_section_builder_tolerant" name="test_all_sections_complete_when_all_outputs_present" time="0.008" /><testcase classname="tests.v3_execution.test_section_builder_tolerant" name="test_missing_visual_marks_section_incomplete_but_keeps_renderable_sections" time="0.007" /><testcase classname="tests.v3_execution.test_section_builder_tolerant" name="test_missing_component_marks_section_incomplete" time="0.007" /><testcase classname="tests.v3_execution.test_section_builder_tolerant" name="test_ready_visual_delivered_component_does_not_emit_missing_component_warning" time="0.005" /><testcase classname="tests.v3_execution.test_section_builder_tolerant" name="test_flagged_visual_is_placed_in_diagram_bucket" time="0.007" /><testcase classname="tests.v3_execution.test_section_builder_tolerant" name="test_failed_visual_delivered_component_gets_visual_delivery_warning" time="0.008" /><testcase classname="tests.v3_execution.test_section_builder_tolerant" name="test_one_section_can_fail_without_collapsing_whole_pack" time="0.005" /><testcase classname="tests.v3_execution.test_section_builder_tolerant" name="test_no_sections_assemble_when_no_component_outputs_exist" time="0.005" /><testcase classname="tests.v3_execution.test_section_builder_tolerant" name="test_series_visual_takes_precedence_over_singleton_diagram" time="0.006" /><testcase classname="tests.v3_execution.test_section_builder_tolerant" name="test_compare_visuals_render_through_singleton_diagram_bucket" time="0.004" /><testcase classname="tests.v3_execution.test_section_builder_tolerant" name="test_component_order_metadata_matches_emitted_component_sequence" time="0.006" /><testcase classname="tests.v3_execution.test_section_builder_tolerant" name="test_component_order_metadata_excludes_missing_component_fields" time="0.006" /><testcase classname="tests.v3_execution.test_section_writer_events" name="test_section_writer_emits_component_ready_once_per_component_in_order" time="0.023" /><testcase classname="tests.v3_execution.test_section_writer_events" name="test_section_writer_emits_failed_event_before_raise" time="0.028" /><testcase classname="tests.v3_execution.test_v3_config_models" name="test_v3_slot_mapping" time="0.002" /><testcase classname="tests.v3_execution.test_v3_config_models" name="test_get_v3_spec_env_override" time="0.003" /><testcase classname="tests.v3_execution.test_v3_config_models" name="test_get_v3_spec_defaults_to_anthropic_baseline" time="0.003" /><testcase classname="tests.v3_execution.test_v3_config_models" name="test_get_v3_spec_supports_deepseek_slot_override" time="0.004" /><testcase classname="tests.v3_execution.test_v3_config_models" name="test_visual_qc_keeps_vision_default_when_fast_slot_uses_deepseek" time="0.003" /><testcase classname="tests.v3_execution.test_v3_config_models" name="test_get_v3_model_settings_omits_reasoning_for_fast_deepseek_nodes" time="0.003" /><testcase classname="tests.v3_execution.test_v3_config_models" name="test_get_v3_model_settings_adds_deepseek_reasoning_for_standard_nodes" time="0.003" /><testcase classname="tests.v3_execution.test_v3_config_models" name="test_constrained_planner_nodes_disable_provider_reasoning" time="0.002" /><testcase classname="tests.v3_execution.test_v3_config_models" name="test_constrained_output_nodes_disable_provider_reasoning" time="0.003" /><testcase classname="tests.v3_execution.test_v3_config_models" name="test_reasoning_policy_can_be_overridden_per_node" time="0.003" /><testcase classname="tests.v3_execution.test_v3_config_models" name="test_invalid_reasoning_policy_is_rejected" time="0.005" /><testcase classname="tests.v3_execution.test_v3_config_models" name="test_constrained_planner_nodes_send_no_thinking_payload" time="0.005" /><testcase classname="tests.v3_execution.test_v3_config_models" name="test_planning_nodes_disable_provider_reasoning" time="0.003" /><testcase classname="tests.v3_execution.test_v3_config_models" name="test_get_v3_model_settings_preserves_thinking_when_base_sets_extra_body" time="0.003" /><testcase classname="tests.v3_execution.test_v3_config_models" name="test_get_v3_model_settings_applies_safety_backstop_when_no_max_tokens" time="0.003" /><testcase classname="tests.v3_execution.test_v3_config_models" name="test_build_model_sets_reasoning_content_profile_for_deepseek" time="0.049" /><testcase classname="tests.v3_execution.test_v3_config_models" name="test_answer_key_effective_node_fast_when_answers_present" time="0.003" /><testcase classname="tests.v3_execution.test_v3_config_models" name="test_answer_key_escalates_when_expected_missing" time="0.004" /><testcase classname="tests.v3_execution.test_v3_config_models" name="test_answer_key_escalates_full_working_without_working" time="0.003" /><testcase classname="tests.v3_execution.test_v3_execution_core" name="test_compile_execution_bundle" time="0.006" /><testcase classname="tests.v3_execution.test_v3_execution_core" name="test_runner_skips_all_ready_sections_and_preserves_them" time="0.062" /><testcase classname="tests.v3_execution.test_v3_execution_core" name="test_visual_cache_key_is_stable_and_includes_constraints" time="0.004" /><testcase classname="tests.v3_execution.test_v3_execution_core" name="test_runner_emits_skeleton_ready_before_component_events" time="0.312" /><testcase classname="tests.v3_execution.test_v3_execution_core" name="test_validate_visual_accepts_http_scheme" time="0.004" /><testcase classname="tests.v3_execution.test_v3_execution_core" name="test_validate_visual_accepts_diagram_compare_mode" time="0.003" /><testcase classname="tests.v3_execution.test_v3_execution_core" name="test_validate_visual_accepts_flagged_quality_with_image_url" time="0.003" /><testcase classname="tests.v3_execution.test_v3_execution_core" name="test_execute_visual_series_sets_parent_visual_id" time="0.013" /><testcase classname="tests.v3_execution.test_v3_execution_core" name="test_execute_visual_returns_failed_block_and_event_on_failure" time="0.010" /><testcase classname="tests.v3_execution.test_v3_execution_core" name="test_execute_visual_qc_accept_uploads_initial_image" time="0.011" /><testcase classname="tests.v3_execution.test_v3_execution_core" name="test_execute_visual_cache_hit_skips_provider_and_copies_cached_image" time="0.011" /><testcase classname="tests.v3_execution.test_v3_execution_core" name="test_execute_visual_stale_cache_copy_falls_back_to_generation" time="0.014" /><testcase classname="tests.v3_execution.test_v3_execution_core" name="test_execute_visual_cache_miss_uploads_generation_and_cache_objects" time="0.013" /><testcase classname="tests.v3_execution.test_v3_execution_core" name="test_execute_visual_qc_flag_uploads_original_with_metadata_without_retry" time="0.011" /><testcase classname="tests.v3_execution.test_v3_execution_core" name="test_execute_visual_qc_reject_keeps_rendered_asset_with_warning" time="0.010" /><testcase classname="tests.v3_execution.test_v3_execution_core" name="test_execute_visual_qc_error_fails_open" time="0.010" /><testcase classname="tests.v3_execution.test_v3_execution_core" name="test_diagram_precision_composes_before_qc_and_cache" time="0.121" /><testcase classname="tests.v3_execution.test_v3_execution_core" name="test_diagram_precision_flagged_upload_skips_shared_cache" time="0.105" /><testcase classname="tests.v3_execution.test_v3_execution_core" name="test_diagram_precision_qc_exception_fails_closed_without_cache" time="0.106" /><testcase classname="tests.v3_execution.test_v3_execution_core" name="test_execute_visual_preserves_stage_and_exception_type_on_failure" time="0.018" /><testcase classname="tests.v3_execution.test_v3_execution_core" name="test_validate_question_block_rejects_answer_drift" time="0.003" /><testcase classname="tests.v3_execution.test_v3_execution_core" name="test_runner_with_stubbed_executors" time="0.354" /><testcase classname="tests.v3_execution.test_v3_execution_core" name="test_runner_emits_draft_status_updated_when_blocking_issues_remain" time="0.304" /><testcase classname="tests.v3_execution.test_v3_execution_core" name="test_runner_records_strategic_trace_checkpoints" time="0.306" /><testcase classname="tests.v3_execution.test_visual_prompt_style" name="test_visual_prompt_includes_diagram_precision_style_requirements" time="0.003" /><testcase classname="tests.v3_execution.test_visual_prompt_style" name="test_visual_prompt_defaults_missing_style_to_illustration" time="0.002" /><testcase classname="tests.v3_execution.test_visual_prompt_style" name="test_diagram_precision_provider_prompt_has_no_label_or_qc_text_permission" time="0.002" /><testcase classname="tests.v3_execution.test_visual_provider_telemetry" name="test_visual_provider_attempt_emits_attributed_success_ledger_event" time="0.013" /><testcase classname="tests.v3_execution.test_visual_provider_telemetry" name="test_visual_provider_failure_emits_retryable_error_class" time="0.055" /><testcase classname="tests.v3_execution.test_visual_provider_telemetry" name="test_visual_ledger_event_uses_generation_lookup_for_user_attribution" time="0.008" /><testcase classname="tests.v3_review.test_card_reviewer" name="test_card_qc_accepts_complete_card_variant_rubric" time="0.004" /><testcase classname="tests.v3_review.test_card_reviewer" name="test_card_qc_rejects_omitted_misconception_check" time="0.003" /><testcase classname="tests.v3_review.test_card_reviewer" name="test_card_qc_requires_repair_verdict_for_failed_check" time="0.004" /><testcase classname="tests.v3_review.test_v3_review_deterministic" name="test_missing_planned_section_emits_blocking" time="0.007" /><testcase classname="tests.v3_review.test_v3_review_deterministic" name="test_internal_leak_pattern_blocks" time="0.005" /><testcase classname="tests.v3_review.test_v3_review_deterministic" name="test_manual_only_component_emits_major_issue" time="0.005" /><testcase classname="tests.v3_review.test_v3_review_deterministic" name="test_extra_questions_minor" time="0.005" /><testcase classname="tests.v3_review.test_v3_review_deterministic" name="test_duplicate_questions_emit_minor_repeated_content_issue" time="0.003" /><testcase classname="tests.v3_review.test_v3_review_deterministic" name="test_visual_text_reference_without_planned_diagram_is_minor" time="0.006" /><testcase classname="tests.v3_review.test_v3_review_deterministic" name="test_visual_text_reference_allowed_for_planned_diagram_question" time="0.007" /><testcase classname="tests.v3_review.test_v3_review_deterministic" name="test_visual_text_reference_ignores_shaped_mid_word" time="0.005" /><testcase classname="tests.v3_review.test_v3_review_deterministic" name="test_expected_answer_drift_in_answer_key" time="0.006" /><testcase classname="tests.v3_review.test_v3_review_deterministic" name="test_coherence_report_summary_json_safe" time="0.003" /><testcase classname="tests.v3_review.test_v3_review_deterministic" name="test_planned_components_skip_diagram_series_but_visual_check_flags_missing" time="0.005" /><testcase classname="tests.v3_review.test_v3_review_deterministic" name="test_failed_visual_block_emits_minor_review_issue" time="0.004" /><testcase classname="tests.v3_review.test_v3_review_deterministic" name="test_quality_omitted_visual_block_emits_minor_review_issue" time="0.003" /><testcase classname="tests.v3_review.test_v3_review_deterministic" name="test_quality_flagged_visual_emits_minor_review_issue_with_repair_target" time="0.002" /><testcase classname="tests.v3_review.test_v3_review_deterministic" name="test_required_flagged_visual_satisfies_visual_requirement" time="0.003" /><testcase classname="tests.v3_review.test_v3_review_deterministic" name="test_required_visual_omitted_by_quality_is_advisory" time="0.005" /><testcase classname="tests.v3_review.test_v3_review_deterministic" name="test_missing_prior_knowledge_phrase_is_advisory" time="0.004" /><testcase classname="tests.v3_review.test_v3_review_deterministic" name="test_anaphora_is_not_visual_deixis" time="0.006" /><testcase classname="tests.v3_review.test_v3_review_deterministic" name="test_generation_5aed3804_replay_flags_known_nonblocking_drift" time="0.012" /></testsuite></testsuites>