<?xml version="1.0" encoding="utf-8"?><testsuites name="pytest tests"><testsuite name="pytest" errors="0" failures="0" skipped="0" tests="34" time="41.386" timestamp="2026-08-16T21:47:42.771252+03:00" hostname="Richie"><testcase classname="tests.generation.test_v3_pump_durability" name="test_pump_crash_mid_stream_leaves_failed_terminal_snapshot" time="0.344" /><testcase classname="tests.generation.test_v3_pump_durability" name="test_pump_stream_ending_without_terminal_event_marks_failed" time="0.111" /><testcase classname="tests.generation.test_v3_pump_durability" name="test_pump_normal_terminal_event_is_not_marked_failed" time="0.114" /><testcase classname="tests.generation.test_v3_pump_durability" name="test_pump_cancellation_marks_failed_terminal_snapshot" time="0.107" /><testcase classname="tests.generation.test_v3_pump_durability" name="test_pump_component_ready_persists_body_before_draft_pack" time="0.564" /><testcase classname="tests.generation.test_v3_generation_writer" name="test_v3_generation_writer_persists_flat_document_json_and_report_snapshot" time="0.090" /><testcase classname="tests.generation.test_v3_generation_writer" name="test_manual_document_write_bumps_progress_version" time="0.085" /><testcase classname="tests.generation.test_v3_generation_writer" name="test_consecutive_snapshot_writes_produce_distinct_versions" time="0.102" /><testcase classname="tests.generation.test_v3_generation_writer" name="test_v3_generation_writer_handles_resource_finalised_and_pdf_status" time="0.120" /><testcase classname="tests.generation.test_v3_generation_writer" name="test_persisted_status_keeps_incomplete_sections_unusable" time="0.005" /><testcase classname="tests.generation.test_v3_generation_writer" name="test_v3_generation_writer_write_planning_artifact_persists_json_and_report_summary" time="0.105" /><testcase classname="tests.generation.test_v3_generation_writer" name="test_v3_generation_writer_persists_full_coherence_report" time="0.098" /><testcase classname="tests.generation.test_v3_generation_writer" name="test_merge_stream_event_component_ready_populates_section_body" time="0.093" /><testcase classname="tests.generation.test_v3_generation_writer" name="test_merge_stream_event_question_and_visual_ready" time="0.117" /><testcase classname="tests.generation.test_v3_generation_writer" name="test_merge_stream_event_ignores_unknown_section_and_failed_visual" time="0.088" /><testcase classname="tests.generation.test_v3_generation_writer" name="test_fail_stale_running_marks_terminal_failure" time="0.132" /><testcase classname="tests.generation.test_v3_generation_writer" name="test_fail_stale_running_reconciles_fully_written_generation" time="0.157" /><testcase classname="tests.generation.test_v3_generation_writer" name="test_fail_stale_running_marks_partial_generation_resumable" time="0.143" /><testcase classname="tests.generation.test_v3_generation_writer" name="test_claim_resume_attempt_terminalizes_after_cap" time="0.152" /><testcase classname="tests.generation.test_v3_generation_writer" name="test_claim_resume_attempt_increments_counter" time="0.097" /><testcase classname="tests.generation.test_v3_generation_writer" name="test_default_report_includes_empty_prompt_hashes" time="0.095" /><testcase classname="tests.generation.test_v3_generation_writer" name="test_record_prompt_hashes_merges_into_report_json" time="0.128" /><testcase classname="tests.generation.test_generation_steps" name="test_fold_builds_section_briefs_from_rows" time="0.008" /><testcase classname="tests.generation.test_generation_steps" name="test_simultaneous_inserts_both_survive" time="1.742" /><testcase classname="tests.generation.test_generation_steps" name="test_persist_section_brief_inserts_step_and_fold_loads" time="1.700" /><testcase classname="tests.generation.test_generation_steps" name="test_resume_rebuilds_only_missing_brief_steps" time="1.675" /><testcase classname="tests.generation.test_stage2_parallel" name="test_parallel_stage2_returns_briefs_in_plan_order_when_tasks_finish_out_of_order" time="0.033" /><testcase classname="tests.generation.test_stage2_parallel" name="test_parallel_stage2_dispatches_all_sections_in_one_wave_without_prior_briefs" time="0.023" /><testcase classname="tests.generation.test_stage2_parallel" name="test_parallel_stage2_user_message_uses_plan_derived_continuity" time="0.008" /><testcase classname="tests.generation.test_stage2_parallel" name="test_parallel_stage2_isolates_section_exception_including_first" time="0.018" /><testcase classname="tests.generation.test_stage2_parallel" name="test_stage2_uses_serial_invocation_order_when_parallel_flag_is_false" time="0.016" /><testcase classname="tests.generation.test_stage2_parallel" name="test_parallel_stage2_persists_each_brief_once" time="0.046" /><testcase classname="tests.generation.test_stage2_parallel" name="test_resume_stage2_isolates_fan_out_exception" time="0.023" /><testcase classname="tests.generation.test_stage2_parallel" name="test_stage2_always_calls_expander" time="0.019" /></testsuite></testsuites>