<?xml version="1.0" encoding="utf-8"?><testsuites name="pytest tests"><testsuite name="pytest" errors="0" failures="0" skipped="0" tests="42" time="34.538" timestamp="2026-08-16T22:49:35.992749+03:00" hostname="Richie"><testcase classname="tests.generation.test_v3_generation_writer" name="test_v3_generation_writer_persists_flat_document_json_and_report_snapshot" time="0.787" /><testcase classname="tests.generation.test_v3_generation_writer" name="test_manual_document_write_bumps_progress_version" time="0.080" /><testcase classname="tests.generation.test_v3_generation_writer" name="test_consecutive_snapshot_writes_produce_distinct_versions" time="0.119" /><testcase classname="tests.generation.test_v3_generation_writer" name="test_v3_generation_writer_handles_resource_finalised_and_pdf_status" time="0.131" /><testcase classname="tests.generation.test_v3_generation_writer" name="test_persisted_status_keeps_incomplete_sections_unusable" time="0.003" /><testcase classname="tests.generation.test_v3_generation_writer" name="test_v3_generation_writer_write_planning_artifact_persists_json_and_report_summary" time="0.099" /><testcase classname="tests.generation.test_v3_generation_writer" name="test_v3_generation_writer_persists_full_coherence_report" time="0.108" /><testcase classname="tests.generation.test_v3_generation_writer" name="test_merge_stream_event_component_ready_populates_section_body" time="0.098" /><testcase classname="tests.generation.test_v3_generation_writer" name="test_merge_stream_event_question_and_visual_ready" time="0.111" /><testcase classname="tests.generation.test_v3_generation_writer" name="test_merge_stream_event_ignores_unknown_section_and_failed_visual" time="0.077" /><testcase classname="tests.generation.test_v3_generation_writer" name="test_fail_stale_running_marks_terminal_failure" time="0.135" /><testcase classname="tests.generation.test_v3_generation_writer" name="test_fail_stale_running_reconciles_fully_written_generation" time="0.157" /><testcase classname="tests.generation.test_v3_generation_writer" name="test_fail_stale_running_marks_partial_generation_resumable" time="0.166" /><testcase classname="tests.generation.test_v3_generation_writer" name="test_claim_resume_attempt_terminalizes_after_cap" time="0.141" /><testcase classname="tests.generation.test_v3_generation_writer" name="test_claim_resume_attempt_increments_counter" time="0.102" /><testcase classname="tests.generation.test_v3_generation_writer" name="test_default_report_includes_empty_prompt_hashes" time="0.069" /><testcase classname="tests.generation.test_v3_generation_writer" name="test_record_prompt_hashes_merges_into_report_json" time="0.129" /><testcase classname="tests.generation.test_v3_chunked_lifecycle" name="test_chunked_plan_start_is_quarantined_without_creating_rows" time="0.257" /><testcase classname="tests.generation.test_v3_chunked_lifecycle" name="test_chunked_events_route_streams_planning_events_and_keeps_generation_queue" time="0.089" /><testcase classname="tests.generation.test_v3_chunked_lifecycle" name="test_generation_events_404_before_execution_queue_registration_for_chunked_flow" time="0.045" /><testcase classname="tests.generation.test_v3_chunked_lifecycle" name="test_quarantined_chunked_plan_start_does_not_run_stage1" time="0.021" /><testcase classname="tests.generation.test_v3_chunked_lifecycle" name="test_quarantined_chunked_plan_start_does_not_capture_stage1_errors" time="0.022" /><testcase classname="tests.generation.test_v3_chunked_lifecycle" name="test_chunked_approve_rejects_historical_v1_before_scheduling" time="0.104" /><testcase classname="tests.generation.test_v3_chunked_lifecycle" name="test_chunked_approve_accepts_native_path_generation" time="0.190" /><testcase classname="tests.generation.test_v3_chunked_lifecycle" name="test_variant_children_inherit_native_identity_before_scheduling" time="0.008" /><testcase classname="tests.generation.test_v3_chunked_lifecycle" name="test_historical_v1_regenerate_is_read_only_before_mutation" time="0.085" /><testcase classname="tests.generation.test_v3_chunked_lifecycle" name="test_historical_v1_retry_section_is_read_only_before_mutation" time="0.102" /><testcase classname="tests.generation.test_v3_chunked_lifecycle" name="test_chunked_approve_is_user_scoped" time="0.084" /><testcase classname="tests.generation.test_v3_chunked_lifecycle" name="test_chunked_retry_section_rejects_non_failed_section" time="0.085" /><testcase classname="tests.generation.test_v3_chunked_lifecycle" name="test_chunked_regenerate_is_read_only_for_historical_v1" time="0.067" /><testcase classname="tests.generation.test_v3_chunked_lifecycle" name="test_chunked_status_reports_next_action_by_stage" time="0.172" /><testcase classname="tests.generation.test_v3_chunked_lifecycle" name="test_chunked_status_derives_version_for_legacy_document_without_progress" time="0.083" /><testcase classname="tests.generation.test_v3_chunked_lifecycle" name="test_chunked_plan_endpoint_returns_immutable_plan_metadata" time="0.092" /><testcase classname="tests.generation.test_v3_chunked_lifecycle" name="test_native_pipeline_timeout_persists_recoverable_error_state" time="0.495" /><testcase classname="tests.generation.test_v3_chunked_lifecycle" name="test_chunked_approve_resumes_stage2_error" time="0.114" /><testcase classname="tests.generation.test_v3_chunked_lifecycle" name="test_chunked_retry_section_is_read_only_for_historical_v1" time="0.117" /><testcase classname="tests.generation.test_v3_chunked_lifecycle" name="test_generation_8eca999f_starts_with_null_document" time="0.038" /><testcase classname="tests.generation.test_v3_chunked_lifecycle" name="test_attempt_chunked_assembly_logs_execution_handoff_success" time="0.029" /><testcase classname="tests.generation.test_v3_chunked_lifecycle" name="test_attempt_chunked_assembly_proceeds_with_partial_failed_sections" time="0.112" /><testcase classname="tests.generation.test_v3_chunked_lifecycle" name="test_attempt_chunked_assembly_blocks_only_when_no_sections_renderable" time="0.060" /><testcase classname="tests.generation.test_v3_chunked_lifecycle" name="test_attempt_chunked_assembly_logs_execution_start_failure_and_reraises" time="0.031" /><testcase classname="tests.generation.test_v3_chunked_lifecycle" name="test_chunked_approve_emits_stage2_progress_events" time="0.095" /></testsuite></testsuites>