<?xml version="1.0" encoding="utf-8"?><testsuites name="pytest tests"><testsuite name="pytest" errors="0" failures="0" skipped="0" tests="86" time="60.551" timestamp="2026-08-16T21:45:35.447610+03:00" hostname="Richie"><testcase classname="tests.planning.test_phase02_queue_and_lease" name="test_legal_transitions_allowed[pending-cancelled]" time="0.009" /><testcase classname="tests.planning.test_phase02_queue_and_lease" name="test_legal_transitions_allowed[pending-failed_recoverable]" time="0.005" /><testcase classname="tests.planning.test_phase02_queue_and_lease" name="test_legal_transitions_allowed[pending-failed_terminal]" time="0.004" /><testcase classname="tests.planning.test_phase02_queue_and_lease" name="test_legal_transitions_allowed[pending-item_generation]" time="0.003" /><testcase classname="tests.planning.test_phase02_queue_and_lease" name="test_legal_transitions_allowed[pending-planning_teaching]" time="0.004" /><testcase classname="tests.planning.test_phase02_queue_and_lease" name="test_legal_transitions_allowed[stage2_running-cancelled]" time="0.004" /><testcase classname="tests.planning.test_phase02_queue_and_lease" name="test_legal_transitions_allowed[stage2_running-failed_recoverable]" time="0.003" /><testcase classname="tests.planning.test_phase02_queue_and_lease" name="test_legal_transitions_allowed[stage2_running-failed_terminal]" time="0.002" /><testcase classname="tests.planning.test_phase02_queue_and_lease" name="test_legal_transitions_allowed[stage2_running-item_generation]" time="0.003" /><testcase classname="tests.planning.test_phase02_queue_and_lease" name="test_legal_transitions_allowed[stage2_running-planning_teaching]" time="0.008" /><testcase classname="tests.planning.test_phase02_queue_and_lease" name="test_legal_transitions_allowed[plan_ready-cancelled]" time="0.009" /><testcase classname="tests.planning.test_phase02_queue_and_lease" name="test_legal_transitions_allowed[plan_ready-failed_recoverable]" time="0.004" /><testcase classname="tests.planning.test_phase02_queue_and_lease" name="test_legal_transitions_allowed[plan_ready-failed_terminal]" time="0.004" /><testcase classname="tests.planning.test_phase02_queue_and_lease" name="test_legal_transitions_allowed[awaiting_review-cancelled]" time="0.003" /><testcase classname="tests.planning.test_phase02_queue_and_lease" name="test_legal_transitions_allowed[awaiting_review-failed_recoverable]" time="0.003" /><testcase classname="tests.planning.test_phase02_queue_and_lease" name="test_legal_transitions_allowed[awaiting_review-failed_terminal]" time="0.007" /><testcase classname="tests.planning.test_phase02_queue_and_lease" name="test_legal_transitions_allowed[stage2_error-cancelled]" time="0.003" /><testcase classname="tests.planning.test_phase02_queue_and_lease" name="test_legal_transitions_allowed[stage2_error-failed_recoverable]" time="0.005" /><testcase classname="tests.planning.test_phase02_queue_and_lease" name="test_legal_transitions_allowed[stage2_error-failed_terminal]" time="0.009" /><testcase classname="tests.planning.test_phase02_queue_and_lease" name="test_legal_transitions_allowed[item_generation-cancelled]" time="0.004" /><testcase classname="tests.planning.test_phase02_queue_and_lease" name="test_legal_transitions_allowed[item_generation-failed_recoverable]" time="0.009" /><testcase classname="tests.planning.test_phase02_queue_and_lease" name="test_legal_transitions_allowed[item_generation-failed_terminal]" time="0.008" /><testcase classname="tests.planning.test_phase02_queue_and_lease" name="test_legal_transitions_allowed[item_generation-planning_teaching]" time="0.013" /><testcase classname="tests.planning.test_phase02_queue_and_lease" name="test_legal_transitions_allowed[planning_teaching-awaiting_teaching_approval]" time="0.003" /><testcase classname="tests.planning.test_phase02_queue_and_lease" name="test_legal_transitions_allowed[planning_teaching-cancelled]" time="0.006" /><testcase classname="tests.planning.test_phase02_queue_and_lease" name="test_legal_transitions_allowed[planning_teaching-failed_recoverable]" time="0.003" /><testcase classname="tests.planning.test_phase02_queue_and_lease" name="test_legal_transitions_allowed[planning_teaching-failed_terminal]" time="0.008" /><testcase classname="tests.planning.test_phase02_queue_and_lease" name="test_legal_transitions_allowed[awaiting_teaching_approval-cancelled]" time="0.003" /><testcase classname="tests.planning.test_phase02_queue_and_lease" name="test_legal_transitions_allowed[awaiting_teaching_approval-failed_recoverable]" time="0.004" /><testcase classname="tests.planning.test_phase02_queue_and_lease" name="test_legal_transitions_allowed[awaiting_teaching_approval-failed_terminal]" time="0.003" /><testcase classname="tests.planning.test_phase02_queue_and_lease" name="test_legal_transitions_allowed[awaiting_teaching_approval-queued]" time="0.002" /><testcase classname="tests.planning.test_phase02_queue_and_lease" name="test_legal_transitions_allowed[queued-cancelled]" time="0.002" /><testcase classname="tests.planning.test_phase02_queue_and_lease" name="test_legal_transitions_allowed[queued-failed_recoverable]" time="0.003" /><testcase classname="tests.planning.test_phase02_queue_and_lease" name="test_legal_transitions_allowed[queued-failed_terminal]" time="0.002" /><testcase classname="tests.planning.test_phase02_queue_and_lease" name="test_legal_transitions_allowed[queued-planning_forms]" time="0.002" /><testcase classname="tests.planning.test_phase02_queue_and_lease" name="test_legal_transitions_allowed[planning_forms-cancelled]" time="0.002" /><testcase classname="tests.planning.test_phase02_queue_and_lease" name="test_legal_transitions_allowed[planning_forms-failed_recoverable]" time="0.003" /><testcase classname="tests.planning.test_phase02_queue_and_lease" name="test_legal_transitions_allowed[planning_forms-failed_terminal]" time="0.003" /><testcase classname="tests.planning.test_phase02_queue_and_lease" name="test_legal_transitions_allowed[planning_forms-writing_blocks]" time="0.002" /><testcase classname="tests.planning.test_phase02_queue_and_lease" name="test_legal_transitions_allowed[planning_forms-writing_sections]" time="0.005" /><testcase classname="tests.planning.test_phase02_queue_and_lease" name="test_legal_transitions_allowed[writing_sections-assembling]" time="0.006" /><testcase classname="tests.planning.test_phase02_queue_and_lease" name="test_legal_transitions_allowed[writing_sections-cancelled]" time="0.003" /><testcase classname="tests.planning.test_phase02_queue_and_lease" name="test_legal_transitions_allowed[writing_sections-failed_recoverable]" time="0.004" /><testcase classname="tests.planning.test_phase02_queue_and_lease" name="test_legal_transitions_allowed[writing_sections-failed_terminal]" time="0.004" /><testcase classname="tests.planning.test_phase02_queue_and_lease" name="test_legal_transitions_allowed[writing_blocks-assembling]" time="0.007" /><testcase classname="tests.planning.test_phase02_queue_and_lease" name="test_legal_transitions_allowed[writing_blocks-cancelled]" time="0.004" /><testcase classname="tests.planning.test_phase02_queue_and_lease" name="test_legal_transitions_allowed[writing_blocks-failed_recoverable]" time="0.003" /><testcase classname="tests.planning.test_phase02_queue_and_lease" name="test_legal_transitions_allowed[writing_blocks-failed_terminal]" time="0.002" /><testcase classname="tests.planning.test_phase02_queue_and_lease" name="test_legal_transitions_allowed[assembling-awaiting_visuals]" time="0.004" /><testcase classname="tests.planning.test_phase02_queue_and_lease" name="test_legal_transitions_allowed[assembling-cancelled]" time="0.005" /><testcase classname="tests.planning.test_phase02_queue_and_lease" name="test_legal_transitions_allowed[assembling-failed_recoverable]" time="0.004" /><testcase classname="tests.planning.test_phase02_queue_and_lease" name="test_legal_transitions_allowed[assembling-failed_terminal]" time="0.003" /><testcase classname="tests.planning.test_phase02_queue_and_lease" name="test_legal_transitions_allowed[assembling-ready]" time="0.002" /><testcase classname="tests.planning.test_phase02_queue_and_lease" name="test_legal_transitions_allowed[awaiting_visuals-cancelled]" time="0.003" /><testcase classname="tests.planning.test_phase02_queue_and_lease" name="test_legal_transitions_allowed[awaiting_visuals-failed_terminal]" time="0.002" /><testcase classname="tests.planning.test_phase02_queue_and_lease" name="test_legal_transitions_allowed[awaiting_visuals-ready]" time="0.002" /><testcase classname="tests.planning.test_phase02_queue_and_lease" name="test_legal_transitions_allowed[ready-awaiting_visuals]" time="0.003" /><testcase classname="tests.planning.test_phase02_queue_and_lease" name="test_legal_transitions_allowed[failed_recoverable-cancelled]" time="0.003" /><testcase classname="tests.planning.test_phase02_queue_and_lease" name="test_legal_transitions_allowed[failed_recoverable-item_generation]" time="0.003" /><testcase classname="tests.planning.test_phase02_queue_and_lease" name="test_legal_transitions_allowed[failed_recoverable-planning_teaching]" time="0.003" /><testcase classname="tests.planning.test_phase02_queue_and_lease" name="test_legal_transitions_allowed[failed_recoverable-queued]" time="0.004" /><testcase classname="tests.planning.test_phase02_queue_and_lease" name="test_illegal_transitions_rejected[awaiting_teaching_approval-planning_forms]" time="0.003" /><testcase classname="tests.planning.test_phase02_queue_and_lease" name="test_illegal_transitions_rejected[queued-ready]" time="0.003" /><testcase classname="tests.planning.test_phase02_queue_and_lease" name="test_illegal_transitions_rejected[ready-queued]" time="0.003" /><testcase classname="tests.planning.test_phase02_queue_and_lease" name="test_illegal_transitions_rejected[failed_terminal-queued]" time="0.004" /><testcase classname="tests.planning.test_phase02_queue_and_lease" name="test_illegal_transitions_rejected[planning_forms-ready]" time="0.003" /><testcase classname="tests.planning.test_phase02_queue_and_lease" name="test_illegal_transitions_rejected[writing_blocks-queued]" time="0.003" /><testcase classname="tests.planning.test_phase02_queue_and_lease" name="test_repository_transition_updates_status_and_stage" time="1.802" /><testcase classname="tests.planning.test_phase02_queue_and_lease" name="test_illegal_repository_transition_raises" time="1.726" /><testcase classname="tests.planning.test_phase02_queue_and_lease" name="test_approve_queues_without_executing" time="1.740" /><testcase classname="tests.planning.test_phase02_queue_and_lease" name="test_two_workers_cannot_both_claim_queued" time="1.729" /><testcase classname="tests.planning.test_phase02_queue_and_lease" name="test_failed_recoverable_is_parked_across_concurrent_worker_polls" time="2.153" /><testcase classname="tests.planning.test_phase02_queue_and_lease" name="test_stale_active_contention_one_winner" time="1.772" /><testcase classname="tests.planning.test_phase02_queue_and_lease" name="test_fresh_heartbeat_prevents_reclaim" time="1.665" /><testcase classname="tests.planning.test_phase02_queue_and_lease" name="test_stale_worker_write_rejected" time="2.085" /><testcase classname="tests.planning.test_phase02_queue_and_lease" name="test_wrong_token_heartbeat_rejected" time="1.683" /><testcase classname="tests.planning.test_native_retry_lease_fencing" name="test_f01_stale_item_worker_cannot_persist_after_reclaim" time="0.274" /><testcase classname="tests.planning.test_native_retry_lease_fencing" name="test_f02_stale_item_worker_cannot_overwrite_worker2_results" time="0.401" /><testcase classname="tests.planning.test_native_retry_lease_fencing" name="test_f03_stale_teaching_worker_cannot_persist_after_reclaim" time="0.550" /><testcase classname="tests.planning.test_native_retry_lease_fencing" name="test_f04_new_teaching_worker_wins_race" time="0.536" /><testcase classname="tests.planning.test_native_retry_lease_fencing" name="test_f05_stale_worker_cannot_append_success_events" time="0.191" /><testcase classname="tests.planning.test_native_retry_lease_fencing" name="test_f06_healthy_worker_path_still_works" time="0.553" /><testcase classname="tests.planning.test_native_retry_lease_fencing" name="test_f07_current_worker_failure_diagnostics_still_persist" time="0.477" /><testcase classname="tests.planning.test_phase02_state_mutation" name="test_heartbeat_and_block_outcome_do_not_clobber" time="1.985" /><testcase classname="tests.planning.test_phase02_state_mutation" name="test_event_append_and_block_write_preserve_both" time="1.956" /><testcase classname="tests.planning.test_section_resume" name="test_resume_skips_completed_sections" time="0.369" /></testsuite></testsuites>